  [1m[36mActiveRecord::SchemaMigration Load (12.9ms)[0m  [1mSELECT "schema_migrations".* FROM "schema_migrations"[0m
Migrating to CreateCreatures (20160814210652)
  [1m[35m (0.2ms)[0m  BEGIN
  [1m[36m (35.3ms)[0m  [1mCREATE TABLE "creatures" ("id" serial primary key, "name" character varying, "description" character varying, "created_at" timestamp NOT NULL, "updated_at" timestamp NOT NULL) [0m
  [1m[35m (0.3ms)[0m  ROLLBACK
  [1m[36mCreature Load (3.2ms)[0m  [1mSELECT "creatures".* FROM "creatures"[0m
  [1m[35m (1.4ms)[0m  DROP TABLE "users"
  [1m[36m (20.5ms)[0m  [1mDROP TABLE "creatures"[0m
  [1m[36mActiveRecord::SchemaMigration Load (1.2ms)[0m  [1mSELECT "schema_migrations".* FROM "schema_migrations"[0m
Migrating to CreateCreatures (20160814210652)
  [1m[35m (0.2ms)[0m  BEGIN
  [1m[36m (14.2ms)[0m  [1mCREATE TABLE "creatures" ("id" serial primary key, "name" character varying, "description" character varying, "created_at" timestamp NOT NULL, "updated_at" timestamp NOT NULL) [0m
  [1m[35mSQL (6.4ms)[0m  INSERT INTO "schema_migrations" ("version") VALUES ($1)  [["version", "20160814210652"]]
  [1m[36m (6.2ms)[0m  [1mCOMMIT[0m
  [1m[35mActiveRecord::SchemaMigration Load (0.3ms)[0m  SELECT "schema_migrations".* FROM "schema_migrations"
  [1m[36m (4.8ms)[0m  [1mSELECT t2.oid::regclass::text AS to_table, a1.attname AS column, a2.attname AS primary_key, c.conname AS name, c.confupdtype AS on_update, c.confdeltype AS on_delete
FROM pg_constraint c
JOIN pg_class t1 ON c.conrelid = t1.oid
JOIN pg_class t2 ON c.confrelid = t2.oid
JOIN pg_attribute a1 ON a1.attnum = c.conkey[1] AND a1.attrelid = t1.oid
JOIN pg_attribute a2 ON a2.attnum = c.confkey[1] AND a2.attrelid = t2.oid
JOIN pg_namespace t3 ON c.connamespace = t3.oid
WHERE c.contype = 'f'
  AND t1.relname = 'creatures'
  AND t3.nspname = ANY (current_schemas(false))
ORDER BY c.conname
[0m
  [1m[36m (1.0ms)[0m  [1mBEGIN[0m
  [1m[35mSQL (0.9ms)[0m  INSERT INTO "creatures" ("created_at", "updated_at") VALUES ($1, $2) RETURNING "id"  [["created_at", "2016-08-14 21:13:48.003558"], ["updated_at", "2016-08-14 21:13:48.003558"]]
  [1m[36m (2.3ms)[0m  [1mCOMMIT[0m
  [1m[35m (0.3ms)[0m  BEGIN
  [1m[36mSQL (0.3ms)[0m  [1mINSERT INTO "creatures" ("name", "description", "created_at", "updated_at") VALUES ($1, $2, $3, $4) RETURNING "id"[0m  [["name", "Yoda"], ["description", "SUCH YODA"], ["created_at", "2016-08-14 21:14:17.516312"], ["updated_at", "2016-08-14 21:14:17.516312"]]
  [1m[35m (7.0ms)[0m  COMMIT
  [1m[36mActiveRecord::SchemaMigration Load (12.4ms)[0m  [1mSELECT "schema_migrations".* FROM "schema_migrations"[0m
  [1m[35mCreature Load (0.8ms)[0m  SELECT "creatures".* FROM "creatures"
  [1m[36m (0.3ms)[0m  [1mBEGIN[0m
  [1m[35mSQL (0.6ms)[0m  DELETE FROM "creatures" WHERE "creatures"."id" = $1  [["id", 1]]
  [1m[36m (12.8ms)[0m  [1mCOMMIT[0m
  [1m[35m (0.4ms)[0m  BEGIN
  [1m[36mSQL (0.4ms)[0m  [1mDELETE FROM "creatures" WHERE "creatures"."id" = $1[0m  [["id", 2]]
  [1m[35m (0.4ms)[0m  COMMIT
  [1m[36m (0.1ms)[0m  [1mBEGIN[0m
  [1m[35mSQL (0.4ms)[0m  INSERT INTO "creatures" ("name", "description", "created_at", "updated_at") VALUES ($1, $2, $3, $4) RETURNING "id"  [["name", "Luke"], ["description", "Moisture farming is a tough racket"], ["created_at", "2016-08-14 21:20:52.165408"], ["updated_at", "2016-08-14 21:20:52.165408"]]
  [1m[36m (6.2ms)[0m  [1mCOMMIT[0m
  [1m[35m (0.3ms)[0m  BEGIN
  [1m[36mSQL (0.3ms)[0m  [1mINSERT INTO "creatures" ("name", "description", "created_at", "updated_at") VALUES ($1, $2, $3, $4) RETURNING "id"[0m  [["name", "Swamp Thing"], ["description", "He's kind of a big thing ya know"], ["created_at", "2016-08-14 21:20:52.175775"], ["updated_at", "2016-08-14 21:20:52.175775"]]
  [1m[35m (4.4ms)[0m  COMMIT
  [1m[36mActiveRecord::SchemaMigration Load (13.6ms)[0m  [1mSELECT "schema_migrations".* FROM "schema_migrations"[0m
  [1m[35mCreature Load (0.7ms)[0m  SELECT "creatures".* FROM "creatures"
  [1m[36m (0.2ms)[0m  [1mBEGIN[0m
  [1m[35mSQL (0.5ms)[0m  DELETE FROM "creatures" WHERE "creatures"."id" = $1  [["id", 3]]
  [1m[36m (6.1ms)[0m  [1mCOMMIT[0m
  [1m[35m (0.2ms)[0m  BEGIN
  [1m[36mSQL (0.3ms)[0m  [1mDELETE FROM "creatures" WHERE "creatures"."id" = $1[0m  [["id", 4]]
  [1m[35m (6.0ms)[0m  COMMIT
  [1m[36m (0.2ms)[0m  [1mBEGIN[0m
  [1m[35mSQL (0.4ms)[0m  INSERT INTO "creatures" ("name", "description", "created_at", "updated_at") VALUES ($1, $2, $3, $4) RETURNING "id"  [["name", "Luke"], ["description", "Moisture farming is a tough racket"], ["created_at", "2016-08-14 21:21:15.742461"], ["updated_at", "2016-08-14 21:21:15.742461"]]
  [1m[36m (6.0ms)[0m  [1mCOMMIT[0m
  [1m[35m (0.2ms)[0m  BEGIN
  [1m[36mSQL (0.3ms)[0m  [1mINSERT INTO "creatures" ("name", "description", "created_at", "updated_at") VALUES ($1, $2, $3, $4) RETURNING "id"[0m  [["name", "Swamp Thing"], ["description", "He's kind of a big thing ya know"], ["created_at", "2016-08-14 21:21:15.751875"], ["updated_at", "2016-08-14 21:21:15.751875"]]
  [1m[35m (4.9ms)[0m  COMMIT
  [1m[36mActiveRecord::SchemaMigration Load (0.6ms)[0m  [1mSELECT "schema_migrations".* FROM "schema_migrations"[0m
  [1m[35mCreature Load (0.7ms)[0m  SELECT "creatures".* FROM "creatures"
  [1m[36m (0.2ms)[0m  [1mBEGIN[0m
  [1m[35mSQL (0.5ms)[0m  DELETE FROM "creatures" WHERE "creatures"."id" = $1  [["id", 5]]
  [1m[36m (0.5ms)[0m  [1mCOMMIT[0m
  [1m[35m (0.1ms)[0m  BEGIN
  [1m[36mSQL (0.3ms)[0m  [1mDELETE FROM "creatures" WHERE "creatures"."id" = $1[0m  [["id", 6]]
  [1m[35m (0.4ms)[0m  COMMIT
  [1m[36m (0.1ms)[0m  [1mBEGIN[0m
  [1m[35mSQL (0.4ms)[0m  INSERT INTO "creatures" ("name", "description", "created_at", "updated_at") VALUES ($1, $2, $3, $4) RETURNING "id"  [["name", "Luke"], ["description", "Moisture farming is a tough racket"], ["created_at", "2016-08-14 21:21:36.579951"], ["updated_at", "2016-08-14 21:21:36.579951"]]
  [1m[36m (0.4ms)[0m  [1mCOMMIT[0m
  [1m[35m (0.1ms)[0m  BEGIN
  [1m[36mSQL (0.3ms)[0m  [1mINSERT INTO "creatures" ("name", "description", "created_at", "updated_at") VALUES ($1, $2, $3, $4) RETURNING "id"[0m  [["name", "Swamp Thing"], ["description", "He's kind of a big thing ya know"], ["created_at", "2016-08-14 21:21:36.583424"], ["updated_at", "2016-08-14 21:21:36.583424"]]
  [1m[35m (0.3ms)[0m  COMMIT
  [1m[36mCreature Load (0.3ms)[0m  [1mSELECT "creatures".* FROM "creatures"[0m


Started GET "/creatures/new" for ::1 at 2016-08-14 14:24:57 -0700
  [1m[36mActiveRecord::SchemaMigration Load (12.7ms)[0m  [1mSELECT "schema_migrations".* FROM "schema_migrations"[0m

AbstractController::ActionNotFound (The action 'new' could not be found for CreaturesController):
  actionpack (4.2.6) lib/abstract_controller/base.rb:132:in `process'
  actionview (4.2.6) lib/action_view/rendering.rb:30:in `process'
  actionpack (4.2.6) lib/action_controller/metal.rb:196:in `dispatch'
  actionpack (4.2.6) lib/action_controller/metal/rack_delegation.rb:13:in `dispatch'
  actionpack (4.2.6) lib/action_controller/metal.rb:237:in `block in action'
  actionpack (4.2.6) lib/action_dispatch/routing/route_set.rb:74:in `dispatch'
  actionpack (4.2.6) lib/action_dispatch/routing/route_set.rb:43:in `serve'
  actionpack (4.2.6) lib/action_dispatch/journey/router.rb:43:in `block in serve'
  actionpack (4.2.6) lib/action_dispatch/journey/router.rb:30:in `each'
  actionpack (4.2.6) lib/action_dispatch/journey/router.rb:30:in `serve'
  actionpack (4.2.6) lib/action_dispatch/routing/route_set.rb:817:in `call'
  rack (1.6.4) lib/rack/etag.rb:24:in `call'
  rack (1.6.4) lib/rack/conditionalget.rb:25:in `call'
  rack (1.6.4) lib/rack/head.rb:13:in `call'
  actionpack (4.2.6) lib/action_dispatch/middleware/params_parser.rb:27:in `call'
  actionpack (4.2.6) lib/action_dispatch/middleware/flash.rb:260:in `call'
  rack (1.6.4) lib/rack/session/abstract/id.rb:225:in `context'
  rack (1.6.4) lib/rack/session/abstract/id.rb:220:in `call'
  actionpack (4.2.6) lib/action_dispatch/middleware/cookies.rb:560:in `call'
  activerecord (4.2.6) lib/active_record/query_cache.rb:36:in `call'
  activerecord (4.2.6) lib/active_record/connection_adapters/abstract/connection_pool.rb:653:in `call'
  activerecord (4.2.6) lib/active_record/migration.rb:377:in `call'
  actionpack (4.2.6) lib/action_dispatch/middleware/callbacks.rb:29:in `block in call'
  activesupport (4.2.6) lib/active_support/callbacks.rb:88:in `__run_callbacks__'
  activesupport (4.2.6) lib/active_support/callbacks.rb:778:in `_run_call_callbacks'
  activesupport (4.2.6) lib/active_support/callbacks.rb:81:in `run_callbacks'
  actionpack (4.2.6) lib/action_dispatch/middleware/callbacks.rb:27:in `call'
  actionpack (4.2.6) lib/action_dispatch/middleware/reloader.rb:73:in `call'
  actionpack (4.2.6) lib/action_dispatch/middleware/remote_ip.rb:78:in `call'
  actionpack (4.2.6) lib/action_dispatch/middleware/debug_exceptions.rb:17:in `call'
  web-console (2.3.0) lib/web_console/middleware.rb:28:in `block in call'
  web-console (2.3.0) lib/web_console/middleware.rb:18:in `catch'
  web-console (2.3.0) lib/web_console/middleware.rb:18:in `call'
  actionpack (4.2.6) lib/action_dispatch/middleware/show_exceptions.rb:30:in `call'
  railties (4.2.6) lib/rails/rack/logger.rb:38:in `call_app'
  railties (4.2.6) lib/rails/rack/logger.rb:20:in `block in call'
  activesupport (4.2.6) lib/active_support/tagged_logging.rb:68:in `block in tagged'
  activesupport (4.2.6) lib/active_support/tagged_logging.rb:26:in `tagged'
  activesupport (4.2.6) lib/active_support/tagged_logging.rb:68:in `tagged'
  railties (4.2.6) lib/rails/rack/logger.rb:20:in `call'
  actionpack (4.2.6) lib/action_dispatch/middleware/request_id.rb:21:in `call'
  rack (1.6.4) lib/rack/methodoverride.rb:22:in `call'
  rack (1.6.4) lib/rack/runtime.rb:18:in `call'
  activesupport (4.2.6) lib/active_support/cache/strategy/local_cache_middleware.rb:28:in `call'
  rack (1.6.4) lib/rack/lock.rb:17:in `call'
  actionpack (4.2.6) lib/action_dispatch/middleware/static.rb:120:in `call'
  rack (1.6.4) lib/rack/sendfile.rb:113:in `call'
  railties (4.2.6) lib/rails/engine.rb:518:in `call'
  railties (4.2.6) lib/rails/application.rb:165:in `call'
  rack (1.6.4) lib/rack/lock.rb:17:in `call'
  rack (1.6.4) lib/rack/content_length.rb:15:in `call'
  rack (1.6.4) lib/rack/handler/webrick.rb:88:in `service'
  /Users/bill/.rvm/rubies/ruby-2.3.0/lib/ruby/2.3.0/webrick/httpserver.rb:140:in `service'
  /Users/bill/.rvm/rubies/ruby-2.3.0/lib/ruby/2.3.0/webrick/httpserver.rb:96:in `run'
  /Users/bill/.rvm/rubies/ruby-2.3.0/lib/ruby/2.3.0/webrick/server.rb:296:in `block in start_thread'


  Rendered /Users/bill/.rvm/gems/ruby-2.3.0/gems/actionpack-4.2.6/lib/action_dispatch/middleware/templates/rescues/unknown_action.html.erb within rescues/layout (4.2ms)
  Rendered /Users/bill/.rvm/gems/ruby-2.3.0/gems/web-console-2.3.0/lib/web_console/templates/_markup.html.erb (0.7ms)
  Rendered /Users/bill/.rvm/gems/ruby-2.3.0/gems/web-console-2.3.0/lib/web_console/templates/_inner_console_markup.html.erb within layouts/inlined_string (0.5ms)
  Rendered /Users/bill/.rvm/gems/ruby-2.3.0/gems/web-console-2.3.0/lib/web_console/templates/_prompt_box_markup.html.erb within layouts/inlined_string (0.5ms)
  Rendered /Users/bill/.rvm/gems/ruby-2.3.0/gems/web-console-2.3.0/lib/web_console/templates/style.css.erb within layouts/inlined_string (0.6ms)
  Rendered /Users/bill/.rvm/gems/ruby-2.3.0/gems/web-console-2.3.0/lib/web_console/templates/console.js.erb within layouts/javascript (136.6ms)
  Rendered /Users/bill/.rvm/gems/ruby-2.3.0/gems/web-console-2.3.0/lib/web_console/templates/main.js.erb within layouts/javascript (0.5ms)
  Rendered /Users/bill/.rvm/gems/ruby-2.3.0/gems/web-console-2.3.0/lib/web_console/templates/error_page.js.erb within layouts/javascript (0.7ms)
  Rendered /Users/bill/.rvm/gems/ruby-2.3.0/gems/web-console-2.3.0/lib/web_console/templates/index.html.erb (299.6ms)


Started GET "/creatures/" for ::1 at 2016-08-14 14:25:14 -0700
Processing by CreaturesController#index as HTML
  [1m[35mCreature Load (0.7ms)[0m  SELECT "creatures".* FROM "creatures"
  Rendered creatures/index.html.erb within layouts/application (13.1ms)
Completed 200 OK in 2225ms (Views: 2196.4ms | ActiveRecord: 4.6ms)


Started GET "/creatures/new" for ::1 at 2016-08-14 14:34:33 -0700
Processing by CreaturesController#new as HTML
  Rendered creatures/new.html.erb within layouts/application (51.0ms)
Completed 200 OK in 162ms (Views: 145.0ms | ActiveRecord: 2.6ms)


Started GET "/creatures/new" for ::1 at 2016-08-14 14:34:37 -0700
Processing by CreaturesController#new as HTML
  Rendered creatures/new.html.erb within layouts/application (1.8ms)
Completed 200 OK in 57ms (Views: 56.1ms | ActiveRecord: 0.0ms)


Started GET "/assets/creatures.self-e3b0c44298fc1c149afbf4c8996fb92427ae41e4649b934ca495991b7852b855.css?body=1" for ::1 at 2016-08-14 14:34:37 -0700


Started GET "/assets/application.self-d885a0a66bd595c10edb24f8879f94e334d88be0730c4d7c7a7b57c731c09037.css?body=1" for ::1 at 2016-08-14 14:34:37 -0700


Started GET "/assets/jquery.self-660adc51e0224b731d29f575a6f1ec167ba08ad06ed5deca4f1e8654c135bf4c.js?body=1" for ::1 at 2016-08-14 14:34:37 -0700


Started GET "/assets/turbolinks.self-c5acd7a204f5f25ce7a1d8a0e4d92e28d34c9e2df2c7371cd7af88e147e4ad82.js?body=1" for ::1 at 2016-08-14 14:34:37 -0700


Started GET "/assets/bootstrap-3.3.6.min.self-66fe84b79c6d5db31355296a8c9627d232721fe3ac3c31f3554ccc7e999279b6.css?body=1" for ::1 at 2016-08-14 14:34:37 -0700


Started GET "/assets/jquery_ujs.self-e87806d0cf4489aeb1bb7288016024e8de67fd18db693fe026fe3907581e53cd.js?body=1" for ::1 at 2016-08-14 14:34:37 -0700


Started GET "/assets/creatures.self-877aef30ae1b040ab8a3aba4e3e309a11d7f2612f44dde450b5c157aa5f95c05.js?body=1" for ::1 at 2016-08-14 14:34:37 -0700


Started GET "/assets/application.self-3b8dabdc891efe46b9a144b400ad69e37d7e5876bdc39dee783419a69d7ca819.js?body=1" for ::1 at 2016-08-14 14:34:37 -0700


Started GET "/creatures/new" for ::1 at 2016-08-14 14:34:43 -0700
Processing by CreaturesController#new as HTML
  Rendered creatures/new.html.erb within layouts/application (2.3ms)
Completed 200 OK in 39ms (Views: 37.9ms | ActiveRecord: 0.0ms)


Started GET "/assets/creatures.self-e3b0c44298fc1c149afbf4c8996fb92427ae41e4649b934ca495991b7852b855.css?body=1" for ::1 at 2016-08-14 14:34:44 -0700


Started GET "/assets/application.self-d885a0a66bd595c10edb24f8879f94e334d88be0730c4d7c7a7b57c731c09037.css?body=1" for ::1 at 2016-08-14 14:34:44 -0700


Started GET "/assets/jquery.self-660adc51e0224b731d29f575a6f1ec167ba08ad06ed5deca4f1e8654c135bf4c.js?body=1" for ::1 at 2016-08-14 14:34:44 -0700


Started GET "/assets/turbolinks.self-c5acd7a204f5f25ce7a1d8a0e4d92e28d34c9e2df2c7371cd7af88e147e4ad82.js?body=1" for ::1 at 2016-08-14 14:34:44 -0700


Started GET "/assets/jquery_ujs.self-e87806d0cf4489aeb1bb7288016024e8de67fd18db693fe026fe3907581e53cd.js?body=1" for ::1 at 2016-08-14 14:34:44 -0700


Started GET "/assets/bootstrap-3.3.6.min.self-66fe84b79c6d5db31355296a8c9627d232721fe3ac3c31f3554ccc7e999279b6.css?body=1" for ::1 at 2016-08-14 14:34:44 -0700


Started GET "/assets/creatures.self-877aef30ae1b040ab8a3aba4e3e309a11d7f2612f44dde450b5c157aa5f95c05.js?body=1" for ::1 at 2016-08-14 14:34:44 -0700


Started GET "/assets/application.self-3b8dabdc891efe46b9a144b400ad69e37d7e5876bdc39dee783419a69d7ca819.js?body=1" for ::1 at 2016-08-14 14:34:44 -0700


Started GET "/creatures/new" for ::1 at 2016-08-14 14:35:00 -0700
Processing by CreaturesController#new as HTML
  Rendered creatures/new.html.erb within layouts/application (1.1ms)
Completed 200 OK in 52ms (Views: 50.7ms | ActiveRecord: 0.0ms)


Started GET "/assets/creatures.self-e3b0c44298fc1c149afbf4c8996fb92427ae41e4649b934ca495991b7852b855.css?body=1" for ::1 at 2016-08-14 14:35:00 -0700


Started GET "/assets/turbolinks.self-c5acd7a204f5f25ce7a1d8a0e4d92e28d34c9e2df2c7371cd7af88e147e4ad82.js?body=1" for ::1 at 2016-08-14 14:35:00 -0700


Started GET "/assets/jquery.self-660adc51e0224b731d29f575a6f1ec167ba08ad06ed5deca4f1e8654c135bf4c.js?body=1" for ::1 at 2016-08-14 14:35:00 -0700


Started GET "/assets/jquery_ujs.self-e87806d0cf4489aeb1bb7288016024e8de67fd18db693fe026fe3907581e53cd.js?body=1" for ::1 at 2016-08-14 14:35:00 -0700


Started GET "/assets/creatures.self-877aef30ae1b040ab8a3aba4e3e309a11d7f2612f44dde450b5c157aa5f95c05.js?body=1" for ::1 at 2016-08-14 14:35:00 -0700


Started GET "/assets/application.self-3b8dabdc891efe46b9a144b400ad69e37d7e5876bdc39dee783419a69d7ca819.js?body=1" for ::1 at 2016-08-14 14:35:00 -0700


Started GET "/assets/application.self-27e89f2418dd29c50a734e04391f15df4a60c2110e94dd753505904d90e485ff.css?body=1" for ::1 at 2016-08-14 14:35:00 -0700


Started GET "/creatures/new" for ::1 at 2016-08-14 14:35:04 -0700
Processing by CreaturesController#new as HTML
  Rendered creatures/new.html.erb within layouts/application (2.3ms)
Completed 200 OK in 41ms (Views: 39.8ms | ActiveRecord: 0.0ms)


Started GET "/assets/creatures.self-e3b0c44298fc1c149afbf4c8996fb92427ae41e4649b934ca495991b7852b855.css?body=1" for ::1 at 2016-08-14 14:35:05 -0700


Started GET "/assets/application.self-d885a0a66bd595c10edb24f8879f94e334d88be0730c4d7c7a7b57c731c09037.css?body=1" for ::1 at 2016-08-14 14:35:05 -0700


Started GET "/assets/jquery.self-660adc51e0224b731d29f575a6f1ec167ba08ad06ed5deca4f1e8654c135bf4c.js?body=1" for ::1 at 2016-08-14 14:35:05 -0700


Started GET "/assets/turbolinks.self-c5acd7a204f5f25ce7a1d8a0e4d92e28d34c9e2df2c7371cd7af88e147e4ad82.js?body=1" for ::1 at 2016-08-14 14:35:05 -0700


Started GET "/assets/jquery_ujs.self-e87806d0cf4489aeb1bb7288016024e8de67fd18db693fe026fe3907581e53cd.js?body=1" for ::1 at 2016-08-14 14:35:05 -0700


Started GET "/assets/creatures.self-877aef30ae1b040ab8a3aba4e3e309a11d7f2612f44dde450b5c157aa5f95c05.js?body=1" for ::1 at 2016-08-14 14:35:05 -0700


Started GET "/assets/bootstrap-3.3.6.min.self-66fe84b79c6d5db31355296a8c9627d232721fe3ac3c31f3554ccc7e999279b6.css?body=1" for ::1 at 2016-08-14 14:35:05 -0700


Started GET "/assets/application.self-3b8dabdc891efe46b9a144b400ad69e37d7e5876bdc39dee783419a69d7ca819.js?body=1" for ::1 at 2016-08-14 14:35:05 -0700


Started GET "/creatures/new" for ::1 at 2016-08-14 14:35:35 -0700
Processing by CreaturesController#new as HTML
  Rendered creatures/new.html.erb within layouts/application (1.9ms)
Completed 200 OK in 42ms (Views: 41.0ms | ActiveRecord: 0.0ms)


Started GET "/assets/creatures.self-e3b0c44298fc1c149afbf4c8996fb92427ae41e4649b934ca495991b7852b855.css?body=1" for ::1 at 2016-08-14 14:35:35 -0700


Started GET "/assets/application.self-d885a0a66bd595c10edb24f8879f94e334d88be0730c4d7c7a7b57c731c09037.css?body=1" for ::1 at 2016-08-14 14:35:35 -0700


Started GET "/assets/bootstrap-3.3.6.min.self-66fe84b79c6d5db31355296a8c9627d232721fe3ac3c31f3554ccc7e999279b6.css?body=1" for ::1 at 2016-08-14 14:35:35 -0700


Started GET "/assets/application.self-3b8dabdc891efe46b9a144b400ad69e37d7e5876bdc39dee783419a69d7ca819.js?body=1" for ::1 at 2016-08-14 14:35:35 -0700


Started GET "/assets/jquery_ujs.self-e87806d0cf4489aeb1bb7288016024e8de67fd18db693fe026fe3907581e53cd.js?body=1" for ::1 at 2016-08-14 14:35:35 -0700


Started GET "/assets/creatures.self-877aef30ae1b040ab8a3aba4e3e309a11d7f2612f44dde450b5c157aa5f95c05.js?body=1" for ::1 at 2016-08-14 14:35:35 -0700


Started GET "/assets/jquery.self-660adc51e0224b731d29f575a6f1ec167ba08ad06ed5deca4f1e8654c135bf4c.js?body=1" for ::1 at 2016-08-14 14:35:35 -0700


Started GET "/assets/turbolinks.self-c5acd7a204f5f25ce7a1d8a0e4d92e28d34c9e2df2c7371cd7af88e147e4ad82.js?body=1" for ::1 at 2016-08-14 14:35:35 -0700


Started GET "/creatures/new" for ::1 at 2016-08-14 14:35:44 -0700
Processing by CreaturesController#new as HTML
  Rendered creatures/new.html.erb within layouts/application (1.9ms)
Completed 200 OK in 58ms (Views: 57.3ms | ActiveRecord: 0.0ms)


Started GET "/assets/creatures.self-e3b0c44298fc1c149afbf4c8996fb92427ae41e4649b934ca495991b7852b855.css?body=1" for ::1 at 2016-08-14 14:35:44 -0700


Started GET "/assets/application.self-d885a0a66bd595c10edb24f8879f94e334d88be0730c4d7c7a7b57c731c09037.css?body=1" for ::1 at 2016-08-14 14:35:44 -0700


Started GET "/assets/jquery.self-660adc51e0224b731d29f575a6f1ec167ba08ad06ed5deca4f1e8654c135bf4c.js?body=1" for ::1 at 2016-08-14 14:35:44 -0700


Started GET "/assets/jquery_ujs.self-e87806d0cf4489aeb1bb7288016024e8de67fd18db693fe026fe3907581e53cd.js?body=1" for ::1 at 2016-08-14 14:35:44 -0700


Started GET "/assets/turbolinks.self-c5acd7a204f5f25ce7a1d8a0e4d92e28d34c9e2df2c7371cd7af88e147e4ad82.js?body=1" for ::1 at 2016-08-14 14:35:44 -0700


Started GET "/assets/application.self-3b8dabdc891efe46b9a144b400ad69e37d7e5876bdc39dee783419a69d7ca819.js?body=1" for ::1 at 2016-08-14 14:35:44 -0700


Started GET "/assets/creatures.self-877aef30ae1b040ab8a3aba4e3e309a11d7f2612f44dde450b5c157aa5f95c05.js?body=1" for ::1 at 2016-08-14 14:35:44 -0700


Started GET "/assets/bootstrap-3.3.6.min.self-66fe84b79c6d5db31355296a8c9627d232721fe3ac3c31f3554ccc7e999279b6.css?body=1" for ::1 at 2016-08-14 14:35:44 -0700


Started GET "/creatures/new" for ::1 at 2016-08-14 14:36:00 -0700
Processing by CreaturesController#new as HTML
  Rendered creatures/new.html.erb within layouts/application (1.8ms)
Completed 200 OK in 34ms (Views: 32.7ms | ActiveRecord: 0.0ms)


Started GET "/assets/application.self-d885a0a66bd595c10edb24f8879f94e334d88be0730c4d7c7a7b57c731c09037.css?body=1" for ::1 at 2016-08-14 14:36:00 -0700


Started GET "/assets/creatures.self-e3b0c44298fc1c149afbf4c8996fb92427ae41e4649b934ca495991b7852b855.css?body=1" for ::1 at 2016-08-14 14:36:00 -0700


Started GET "/assets/turbolinks.self-c5acd7a204f5f25ce7a1d8a0e4d92e28d34c9e2df2c7371cd7af88e147e4ad82.js?body=1" for ::1 at 2016-08-14 14:36:00 -0700


Started GET "/assets/jquery_ujs.self-e87806d0cf4489aeb1bb7288016024e8de67fd18db693fe026fe3907581e53cd.js?body=1" for ::1 at 2016-08-14 14:36:00 -0700


Started GET "/assets/jquery.self-660adc51e0224b731d29f575a6f1ec167ba08ad06ed5deca4f1e8654c135bf4c.js?body=1" for ::1 at 2016-08-14 14:36:00 -0700


Started GET "/assets/creatures.self-877aef30ae1b040ab8a3aba4e3e309a11d7f2612f44dde450b5c157aa5f95c05.js?body=1" for ::1 at 2016-08-14 14:36:00 -0700


Started GET "/assets/application.self-3b8dabdc891efe46b9a144b400ad69e37d7e5876bdc39dee783419a69d7ca819.js?body=1" for ::1 at 2016-08-14 14:36:00 -0700


Started GET "/assets/bootstrap-3.3.6.min.self-66fe84b79c6d5db31355296a8c9627d232721fe3ac3c31f3554ccc7e999279b6.css?body=1" for ::1 at 2016-08-14 14:36:00 -0700


Started POST "/creatures" for ::1 at 2016-08-14 14:36:12 -0700
Processing by CreaturesController#create as HTML
  Parameters: {"utf8"=>"✓", "authenticity_token"=>"keJc+JIk2uQ2RkVQb1AKfyv+7GFz3DBfZscWkj+0uD+2J8WjUOyC4X+Zbpb/CIcC5/h8aoeCm0r750+tIfI0UA==", "creature"=>{"name"=>"1111", "description"=>"1"}, "commit"=>"Save Creature"}
  [1m[36m (0.2ms)[0m  [1mBEGIN[0m
  [1m[35mSQL (0.7ms)[0m  INSERT INTO "creatures" ("name", "description", "created_at", "updated_at") VALUES ($1, $2, $3, $4) RETURNING "id"  [["name", "1111"], ["description", "1"], ["created_at", "2016-08-14 21:36:12.316999"], ["updated_at", "2016-08-14 21:36:12.316999"]]
  [1m[36m (1.5ms)[0m  [1mCOMMIT[0m
Redirected to http://localhost:3000/creatures
Completed 302 Found in 35ms (ActiveRecord: 2.7ms)


Started GET "/creatures" for ::1 at 2016-08-14 14:36:12 -0700
Processing by CreaturesController#index as HTML
  [1m[35mCreature Load (0.4ms)[0m  SELECT "creatures".* FROM "creatures"
  Rendered creatures/index.html.erb within layouts/application (1.6ms)
Completed 200 OK in 32ms (Views: 31.1ms | ActiveRecord: 0.4ms)


Started GET "/creatures" for ::1 at 2016-08-14 14:41:34 -0700
Processing by CreaturesController#index as HTML
  [1m[36mCreature Load (0.4ms)[0m  [1mSELECT "creatures".* FROM "creatures"[0m
  Rendered creatures/index.html.erb within layouts/application (34.9ms)
Completed 200 OK in 174ms (Views: 146.3ms | ActiveRecord: 8.3ms)


Started GET "/assets/creatures.self-e3b0c44298fc1c149afbf4c8996fb92427ae41e4649b934ca495991b7852b855.css?body=1" for ::1 at 2016-08-14 14:41:34 -0700


Started GET "/assets/application.self-d885a0a66bd595c10edb24f8879f94e334d88be0730c4d7c7a7b57c731c09037.css?body=1" for ::1 at 2016-08-14 14:41:34 -0700


Started GET "/assets/jquery_ujs.self-e87806d0cf4489aeb1bb7288016024e8de67fd18db693fe026fe3907581e53cd.js?body=1" for ::1 at 2016-08-14 14:41:34 -0700


Started GET "/assets/bootstrap-3.3.6.min.self-66fe84b79c6d5db31355296a8c9627d232721fe3ac3c31f3554ccc7e999279b6.css?body=1" for ::1 at 2016-08-14 14:41:34 -0700


Started GET "/assets/turbolinks.self-c5acd7a204f5f25ce7a1d8a0e4d92e28d34c9e2df2c7371cd7af88e147e4ad82.js?body=1" for ::1 at 2016-08-14 14:41:34 -0700


Started GET "/assets/creatures.self-877aef30ae1b040ab8a3aba4e3e309a11d7f2612f44dde450b5c157aa5f95c05.js?body=1" for ::1 at 2016-08-14 14:41:34 -0700


Started GET "/assets/application.self-3b8dabdc891efe46b9a144b400ad69e37d7e5876bdc39dee783419a69d7ca819.js?body=1" for ::1 at 2016-08-14 14:41:34 -0700


Started GET "/assets/jquery.self-660adc51e0224b731d29f575a6f1ec167ba08ad06ed5deca4f1e8654c135bf4c.js?body=1" for ::1 at 2016-08-14 14:41:34 -0700


Started GET "/creatures/new" for ::1 at 2016-08-14 14:41:38 -0700
Processing by CreaturesController#new as HTML
  Rendered creatures/new.html.erb within layouts/application (2.8ms)
Completed 200 OK in 34ms (Views: 33.4ms | ActiveRecord: 0.0ms)


Started POST "/creatures" for ::1 at 2016-08-14 14:41:41 -0700
Processing by CreaturesController#create as HTML
  Parameters: {"utf8"=>"✓", "authenticity_token"=>"TucqTGAgwTGGHf+u6/Q9CDWaT6NTseFE6v8CcoanDddpIrMXouiZNM/C1Gh7rLB1+ZzfqKfvSlF331tNmOGBuA==", "creature"=>{"name"=>"1", "description"=>"1"}, "commit"=>"Save Creature"}
  [1m[35m (0.2ms)[0m  BEGIN
  [1m[36mSQL (1.1ms)[0m  [1mINSERT INTO "creatures" ("name", "description", "created_at", "updated_at") VALUES ($1, $2, $3, $4) RETURNING "id"[0m  [["name", "1"], ["description", "1"], ["created_at", "2016-08-14 21:41:41.631897"], ["updated_at", "2016-08-14 21:41:41.631897"]]
  [1m[35m (0.4ms)[0m  COMMIT
Redirected to http://localhost:3000/creatures
Completed 302 Found in 8ms (ActiveRecord: 1.7ms)


Started GET "/creatures" for ::1 at 2016-08-14 14:41:41 -0700
Processing by CreaturesController#index as HTML
  [1m[36mCreature Load (0.4ms)[0m  [1mSELECT "creatures".* FROM "creatures"[0m
  Rendered creatures/index.html.erb within layouts/application (1.4ms)
Completed 200 OK in 32ms (Views: 31.3ms | ActiveRecord: 0.4ms)


Started GET "/creatures" for ::1 at 2016-08-14 14:44:38 -0700
Processing by CreaturesController#index as HTML
  [1m[35mCreature Load (0.4ms)[0m  SELECT "creatures".* FROM "creatures"
  Rendered creatures/index.html.erb within layouts/application (12.3ms)
Completed 200 OK in 53ms (Views: 45.4ms | ActiveRecord: 3.9ms)


Started GET "/assets/creatures.self-e3b0c44298fc1c149afbf4c8996fb92427ae41e4649b934ca495991b7852b855.css?body=1" for ::1 at 2016-08-14 14:44:39 -0700


Started GET "/assets/application.self-3b8dabdc891efe46b9a144b400ad69e37d7e5876bdc39dee783419a69d7ca819.js?body=1" for ::1 at 2016-08-14 14:44:39 -0700


Started GET "/assets/turbolinks.self-c5acd7a204f5f25ce7a1d8a0e4d92e28d34c9e2df2c7371cd7af88e147e4ad82.js?body=1" for ::1 at 2016-08-14 14:44:39 -0700


Started GET "/assets/application.self-d885a0a66bd595c10edb24f8879f94e334d88be0730c4d7c7a7b57c731c09037.css?body=1" for ::1 at 2016-08-14 14:44:39 -0700


Started GET "/assets/creatures.self-877aef30ae1b040ab8a3aba4e3e309a11d7f2612f44dde450b5c157aa5f95c05.js?body=1" for ::1 at 2016-08-14 14:44:39 -0700


Started GET "/assets/bootstrap-3.3.6.min.self-66fe84b79c6d5db31355296a8c9627d232721fe3ac3c31f3554ccc7e999279b6.css?body=1" for ::1 at 2016-08-14 14:44:39 -0700


Started GET "/assets/jquery.self-660adc51e0224b731d29f575a6f1ec167ba08ad06ed5deca4f1e8654c135bf4c.js?body=1" for ::1 at 2016-08-14 14:44:39 -0700


Started GET "/assets/jquery_ujs.self-e87806d0cf4489aeb1bb7288016024e8de67fd18db693fe026fe3907581e53cd.js?body=1" for ::1 at 2016-08-14 14:44:39 -0700


Started GET "/creatures/1" for ::1 at 2016-08-14 14:45:25 -0700
Processing by CreaturesController#show as HTML
  Parameters: {"id"=>"1"}
  [1m[36mCreature Load (0.4ms)[0m  [1mSELECT  "creatures".* FROM "creatures" WHERE "creatures"."id" = $1 LIMIT 1[0m  [["id", 1]]
  Rendered creatures/show.html.erb within layouts/application (5.9ms)
Completed 500 Internal Server Error in 42ms (ActiveRecord: 0.4ms)

ActionView::Template::Error (undefined method `name' for nil:NilClass):
    1: <h2> <%= @creature.name %>
    2: <h3> <%= @creature.description %>
    3:   
  app/views/creatures/show.html.erb:1:in `_app_views_creatures_show_html_erb__1996700999637684504_70300817574320'
  app/controllers/creatures_controller.rb:18:in `show'


  Rendered /Users/bill/.rvm/gems/ruby-2.3.0/gems/actionpack-4.2.6/lib/action_dispatch/middleware/templates/rescues/_source.erb (11.1ms)
  Rendered /Users/bill/.rvm/gems/ruby-2.3.0/gems/actionpack-4.2.6/lib/action_dispatch/middleware/templates/rescues/_trace.html.erb (4.6ms)
  Rendered /Users/bill/.rvm/gems/ruby-2.3.0/gems/actionpack-4.2.6/lib/action_dispatch/middleware/templates/rescues/_request_and_response.html.erb (1.5ms)
  Rendered /Users/bill/.rvm/gems/ruby-2.3.0/gems/actionpack-4.2.6/lib/action_dispatch/middleware/templates/rescues/template_error.html.erb within rescues/layout (140.9ms)
  Rendered /Users/bill/.rvm/gems/ruby-2.3.0/gems/web-console-2.3.0/lib/web_console/templates/_markup.html.erb (0.7ms)
  Rendered /Users/bill/.rvm/gems/ruby-2.3.0/gems/web-console-2.3.0/lib/web_console/templates/_inner_console_markup.html.erb within layouts/inlined_string (0.6ms)
  Rendered /Users/bill/.rvm/gems/ruby-2.3.0/gems/web-console-2.3.0/lib/web_console/templates/_prompt_box_markup.html.erb within layouts/inlined_string (0.5ms)
  Rendered /Users/bill/.rvm/gems/ruby-2.3.0/gems/web-console-2.3.0/lib/web_console/templates/style.css.erb within layouts/inlined_string (0.7ms)
  Rendered /Users/bill/.rvm/gems/ruby-2.3.0/gems/web-console-2.3.0/lib/web_console/templates/console.js.erb within layouts/javascript (117.6ms)
  Rendered /Users/bill/.rvm/gems/ruby-2.3.0/gems/web-console-2.3.0/lib/web_console/templates/main.js.erb within layouts/javascript (0.6ms)
  Rendered /Users/bill/.rvm/gems/ruby-2.3.0/gems/web-console-2.3.0/lib/web_console/templates/error_page.js.erb within layouts/javascript (0.7ms)
  Rendered /Users/bill/.rvm/gems/ruby-2.3.0/gems/web-console-2.3.0/lib/web_console/templates/index.html.erb (263.8ms)


Started GET "/creatures/1" for ::1 at 2016-08-14 14:46:25 -0700
Processing by CreaturesController#show as HTML
  Parameters: {"id"=>"1"}
  [1m[35mCreature Load (0.4ms)[0m  SELECT  "creatures".* FROM "creatures" WHERE "creatures"."id" = $1 LIMIT 1  [["id", 1]]
  Rendered creatures/show.html.erb within layouts/application (5.9ms)
Completed 500 Internal Server Error in 17ms (ActiveRecord: 0.4ms)

ActionView::Template::Error (undefined method `name' for nil:NilClass):
    1: <h2> <%= @creature.name %> </h2>
    2: <h3> <%= @creature.description %> </h3>
  app/views/creatures/show.html.erb:1:in `_app_views_creatures_show_html_erb__1996700999637684504_70300826635240'
  app/controllers/creatures_controller.rb:18:in `show'


  Rendered /Users/bill/.rvm/gems/ruby-2.3.0/gems/actionpack-4.2.6/lib/action_dispatch/middleware/templates/rescues/_source.erb (10.8ms)
  Rendered /Users/bill/.rvm/gems/ruby-2.3.0/gems/actionpack-4.2.6/lib/action_dispatch/middleware/templates/rescues/_trace.html.erb (4.6ms)
  Rendered /Users/bill/.rvm/gems/ruby-2.3.0/gems/actionpack-4.2.6/lib/action_dispatch/middleware/templates/rescues/_request_and_response.html.erb (1.5ms)
  Rendered /Users/bill/.rvm/gems/ruby-2.3.0/gems/actionpack-4.2.6/lib/action_dispatch/middleware/templates/rescues/template_error.html.erb within rescues/layout (122.8ms)
  Rendered /Users/bill/.rvm/gems/ruby-2.3.0/gems/web-console-2.3.0/lib/web_console/templates/_markup.html.erb (0.7ms)
  Rendered /Users/bill/.rvm/gems/ruby-2.3.0/gems/web-console-2.3.0/lib/web_console/templates/_inner_console_markup.html.erb within layouts/inlined_string (0.6ms)
  Rendered /Users/bill/.rvm/gems/ruby-2.3.0/gems/web-console-2.3.0/lib/web_console/templates/_prompt_box_markup.html.erb within layouts/inlined_string (0.6ms)
  Rendered /Users/bill/.rvm/gems/ruby-2.3.0/gems/web-console-2.3.0/lib/web_console/templates/style.css.erb within layouts/inlined_string (1.2ms)
  Rendered /Users/bill/.rvm/gems/ruby-2.3.0/gems/web-console-2.3.0/lib/web_console/templates/console.js.erb within layouts/javascript (118.8ms)
  Rendered /Users/bill/.rvm/gems/ruby-2.3.0/gems/web-console-2.3.0/lib/web_console/templates/main.js.erb within layouts/javascript (0.7ms)
  Rendered /Users/bill/.rvm/gems/ruby-2.3.0/gems/web-console-2.3.0/lib/web_console/templates/error_page.js.erb within layouts/javascript (1.1ms)
  Rendered /Users/bill/.rvm/gems/ruby-2.3.0/gems/web-console-2.3.0/lib/web_console/templates/index.html.erb (270.3ms)


Started GET "/creatures/1" for ::1 at 2016-08-14 14:49:33 -0700
Processing by CreaturesController#show as HTML
  Parameters: {"id"=>"1"}
  [1m[36mCreature Load (0.3ms)[0m  [1mSELECT  "creatures".* FROM "creatures" WHERE "creatures"."id" = $1 LIMIT 1[0m  [["id", 1]]
  Rendered creatures/show.html.erb within layouts/application (5.3ms)
Completed 500 Internal Server Error in 23ms (ActiveRecord: 1.2ms)

ActionView::Template::Error (undefined method `name' for nil:NilClass):
    1: <h2> <%= @creature.name %> </h2>
    2: <h3> <%= @creature.description %> </h3>
  app/views/creatures/show.html.erb:1:in `_app_views_creatures_show_html_erb__1996700999637684504_70300826635240'
  app/controllers/creatures_controller.rb:19:in `show'


  Rendered /Users/bill/.rvm/gems/ruby-2.3.0/gems/actionpack-4.2.6/lib/action_dispatch/middleware/templates/rescues/_source.erb (11.2ms)
  Rendered /Users/bill/.rvm/gems/ruby-2.3.0/gems/actionpack-4.2.6/lib/action_dispatch/middleware/templates/rescues/_trace.html.erb (5.0ms)
  Rendered /Users/bill/.rvm/gems/ruby-2.3.0/gems/actionpack-4.2.6/lib/action_dispatch/middleware/templates/rescues/_request_and_response.html.erb (2.4ms)
  Rendered /Users/bill/.rvm/gems/ruby-2.3.0/gems/actionpack-4.2.6/lib/action_dispatch/middleware/templates/rescues/template_error.html.erb within rescues/layout (121.3ms)
  Rendered /Users/bill/.rvm/gems/ruby-2.3.0/gems/web-console-2.3.0/lib/web_console/templates/_markup.html.erb (0.6ms)
  Rendered /Users/bill/.rvm/gems/ruby-2.3.0/gems/web-console-2.3.0/lib/web_console/templates/_inner_console_markup.html.erb within layouts/inlined_string (0.6ms)
  Rendered /Users/bill/.rvm/gems/ruby-2.3.0/gems/web-console-2.3.0/lib/web_console/templates/_prompt_box_markup.html.erb within layouts/inlined_string (0.6ms)
  Rendered /Users/bill/.rvm/gems/ruby-2.3.0/gems/web-console-2.3.0/lib/web_console/templates/style.css.erb within layouts/inlined_string (0.7ms)
  Rendered /Users/bill/.rvm/gems/ruby-2.3.0/gems/web-console-2.3.0/lib/web_console/templates/console.js.erb within layouts/javascript (101.8ms)
  Rendered /Users/bill/.rvm/gems/ruby-2.3.0/gems/web-console-2.3.0/lib/web_console/templates/main.js.erb within layouts/javascript (0.5ms)
  Rendered /Users/bill/.rvm/gems/ruby-2.3.0/gems/web-console-2.3.0/lib/web_console/templates/error_page.js.erb within layouts/javascript (0.7ms)
  Rendered /Users/bill/.rvm/gems/ruby-2.3.0/gems/web-console-2.3.0/lib/web_console/templates/index.html.erb (226.3ms)
  [1m[36mCreature Load (0.8ms)[0m  [1mSELECT "creatures".* FROM "creatures"[0m


Started GET "/creatures/7" for ::1 at 2016-08-14 14:50:43 -0700
Processing by CreaturesController#show as HTML
  Parameters: {"id"=>"7"}
  [1m[35mCreature Load (0.3ms)[0m  SELECT  "creatures".* FROM "creatures" WHERE "creatures"."id" = $1 LIMIT 1  [["id", 7]]
  Rendered creatures/show.html.erb within layouts/application (0.2ms)
Completed 200 OK in 49ms (Views: 35.7ms | ActiveRecord: 3.2ms)


Started GET "/creatures/7/edit" for ::1 at 2016-08-14 15:05:35 -0700

ActionController::RoutingError (No route matches [GET] "/creatures/7/edit"):
  actionpack (4.2.6) lib/action_dispatch/middleware/debug_exceptions.rb:21:in `call'
  web-console (2.3.0) lib/web_console/middleware.rb:28:in `block in call'
  web-console (2.3.0) lib/web_console/middleware.rb:18:in `catch'
  web-console (2.3.0) lib/web_console/middleware.rb:18:in `call'
  actionpack (4.2.6) lib/action_dispatch/middleware/show_exceptions.rb:30:in `call'
  railties (4.2.6) lib/rails/rack/logger.rb:38:in `call_app'
  railties (4.2.6) lib/rails/rack/logger.rb:20:in `block in call'
  activesupport (4.2.6) lib/active_support/tagged_logging.rb:68:in `block in tagged'
  activesupport (4.2.6) lib/active_support/tagged_logging.rb:26:in `tagged'
  activesupport (4.2.6) lib/active_support/tagged_logging.rb:68:in `tagged'
  railties (4.2.6) lib/rails/rack/logger.rb:20:in `call'
  actionpack (4.2.6) lib/action_dispatch/middleware/request_id.rb:21:in `call'
  rack (1.6.4) lib/rack/methodoverride.rb:22:in `call'
  rack (1.6.4) lib/rack/runtime.rb:18:in `call'
  activesupport (4.2.6) lib/active_support/cache/strategy/local_cache_middleware.rb:28:in `call'
  rack (1.6.4) lib/rack/lock.rb:17:in `call'
  actionpack (4.2.6) lib/action_dispatch/middleware/static.rb:120:in `call'
  rack (1.6.4) lib/rack/sendfile.rb:113:in `call'
  railties (4.2.6) lib/rails/engine.rb:518:in `call'
  railties (4.2.6) lib/rails/application.rb:165:in `call'
  rack (1.6.4) lib/rack/lock.rb:17:in `call'
  rack (1.6.4) lib/rack/content_length.rb:15:in `call'
  rack (1.6.4) lib/rack/handler/webrick.rb:88:in `service'
  /Users/bill/.rvm/rubies/ruby-2.3.0/lib/ruby/2.3.0/webrick/httpserver.rb:140:in `service'
  /Users/bill/.rvm/rubies/ruby-2.3.0/lib/ruby/2.3.0/webrick/httpserver.rb:96:in `run'
  /Users/bill/.rvm/rubies/ruby-2.3.0/lib/ruby/2.3.0/webrick/server.rb:296:in `block in start_thread'


  Rendered /Users/bill/.rvm/gems/ruby-2.3.0/gems/actionpack-4.2.6/lib/action_dispatch/middleware/templates/rescues/_trace.html.erb (6.5ms)
  Rendered /Users/bill/.rvm/gems/ruby-2.3.0/gems/actionpack-4.2.6/lib/action_dispatch/middleware/templates/routes/_route.html.erb (3.3ms)
  Rendered /Users/bill/.rvm/gems/ruby-2.3.0/gems/actionpack-4.2.6/lib/action_dispatch/middleware/templates/routes/_table.html.erb (19.6ms)
  Rendered /Users/bill/.rvm/gems/ruby-2.3.0/gems/actionpack-4.2.6/lib/action_dispatch/middleware/templates/rescues/_request_and_response.html.erb (4.9ms)
  Rendered /Users/bill/.rvm/gems/ruby-2.3.0/gems/actionpack-4.2.6/lib/action_dispatch/middleware/templates/rescues/routing_error.html.erb within rescues/layout (200.6ms)
  Rendered /Users/bill/.rvm/gems/ruby-2.3.0/gems/web-console-2.3.0/lib/web_console/templates/_markup.html.erb (1.2ms)
  Rendered /Users/bill/.rvm/gems/ruby-2.3.0/gems/web-console-2.3.0/lib/web_console/templates/_inner_console_markup.html.erb within layouts/inlined_string (1.5ms)
  Rendered /Users/bill/.rvm/gems/ruby-2.3.0/gems/web-console-2.3.0/lib/web_console/templates/_prompt_box_markup.html.erb within layouts/inlined_string (0.7ms)
  Rendered /Users/bill/.rvm/gems/ruby-2.3.0/gems/web-console-2.3.0/lib/web_console/templates/style.css.erb within layouts/inlined_string (1.4ms)
  Rendered /Users/bill/.rvm/gems/ruby-2.3.0/gems/web-console-2.3.0/lib/web_console/templates/console.js.erb within layouts/javascript (120.4ms)
  Rendered /Users/bill/.rvm/gems/ruby-2.3.0/gems/web-console-2.3.0/lib/web_console/templates/main.js.erb within layouts/javascript (1.1ms)
  Rendered /Users/bill/.rvm/gems/ruby-2.3.0/gems/web-console-2.3.0/lib/web_console/templates/error_page.js.erb within layouts/javascript (1.3ms)
  Rendered /Users/bill/.rvm/gems/ruby-2.3.0/gems/web-console-2.3.0/lib/web_console/templates/index.html.erb (264.6ms)


Started GET "/creatures/1/edit" for ::1 at 2016-08-14 15:06:09 -0700

ActionController::RoutingError (No route matches [GET] "/creatures/1/edit"):
  actionpack (4.2.6) lib/action_dispatch/middleware/debug_exceptions.rb:21:in `call'
  web-console (2.3.0) lib/web_console/middleware.rb:28:in `block in call'
  web-console (2.3.0) lib/web_console/middleware.rb:18:in `catch'
  web-console (2.3.0) lib/web_console/middleware.rb:18:in `call'
  actionpack (4.2.6) lib/action_dispatch/middleware/show_exceptions.rb:30:in `call'
  railties (4.2.6) lib/rails/rack/logger.rb:38:in `call_app'
  railties (4.2.6) lib/rails/rack/logger.rb:20:in `block in call'
  activesupport (4.2.6) lib/active_support/tagged_logging.rb:68:in `block in tagged'
  activesupport (4.2.6) lib/active_support/tagged_logging.rb:26:in `tagged'
  activesupport (4.2.6) lib/active_support/tagged_logging.rb:68:in `tagged'
  railties (4.2.6) lib/rails/rack/logger.rb:20:in `call'
  actionpack (4.2.6) lib/action_dispatch/middleware/request_id.rb:21:in `call'
  rack (1.6.4) lib/rack/methodoverride.rb:22:in `call'
  rack (1.6.4) lib/rack/runtime.rb:18:in `call'
  activesupport (4.2.6) lib/active_support/cache/strategy/local_cache_middleware.rb:28:in `call'
  rack (1.6.4) lib/rack/lock.rb:17:in `call'
  actionpack (4.2.6) lib/action_dispatch/middleware/static.rb:120:in `call'
  rack (1.6.4) lib/rack/sendfile.rb:113:in `call'
  railties (4.2.6) lib/rails/engine.rb:518:in `call'
  railties (4.2.6) lib/rails/application.rb:165:in `call'
  rack (1.6.4) lib/rack/lock.rb:17:in `call'
  rack (1.6.4) lib/rack/content_length.rb:15:in `call'
  rack (1.6.4) lib/rack/handler/webrick.rb:88:in `service'
  /Users/bill/.rvm/rubies/ruby-2.3.0/lib/ruby/2.3.0/webrick/httpserver.rb:140:in `service'
  /Users/bill/.rvm/rubies/ruby-2.3.0/lib/ruby/2.3.0/webrick/httpserver.rb:96:in `run'
  /Users/bill/.rvm/rubies/ruby-2.3.0/lib/ruby/2.3.0/webrick/server.rb:296:in `block in start_thread'


  Rendered /Users/bill/.rvm/gems/ruby-2.3.0/gems/actionpack-4.2.6/lib/action_dispatch/middleware/templates/rescues/_trace.html.erb (2.3ms)
  Rendered /Users/bill/.rvm/gems/ruby-2.3.0/gems/actionpack-4.2.6/lib/action_dispatch/middleware/templates/routes/_route.html.erb (1.7ms)
  Rendered /Users/bill/.rvm/gems/ruby-2.3.0/gems/actionpack-4.2.6/lib/action_dispatch/middleware/templates/routes/_table.html.erb (2.1ms)
  Rendered /Users/bill/.rvm/gems/ruby-2.3.0/gems/actionpack-4.2.6/lib/action_dispatch/middleware/templates/rescues/_request_and_response.html.erb (2.1ms)
  Rendered /Users/bill/.rvm/gems/ruby-2.3.0/gems/actionpack-4.2.6/lib/action_dispatch/middleware/templates/rescues/routing_error.html.erb within rescues/layout (165.1ms)
  Rendered /Users/bill/.rvm/gems/ruby-2.3.0/gems/web-console-2.3.0/lib/web_console/templates/_markup.html.erb (0.7ms)
  Rendered /Users/bill/.rvm/gems/ruby-2.3.0/gems/web-console-2.3.0/lib/web_console/templates/_inner_console_markup.html.erb within layouts/inlined_string (0.6ms)
  Rendered /Users/bill/.rvm/gems/ruby-2.3.0/gems/web-console-2.3.0/lib/web_console/templates/_prompt_box_markup.html.erb within layouts/inlined_string (1.4ms)
  Rendered /Users/bill/.rvm/gems/ruby-2.3.0/gems/web-console-2.3.0/lib/web_console/templates/style.css.erb within layouts/inlined_string (0.6ms)
  Rendered /Users/bill/.rvm/gems/ruby-2.3.0/gems/web-console-2.3.0/lib/web_console/templates/console.js.erb within layouts/javascript (101.5ms)
  Rendered /Users/bill/.rvm/gems/ruby-2.3.0/gems/web-console-2.3.0/lib/web_console/templates/main.js.erb within layouts/javascript (0.6ms)
  Rendered /Users/bill/.rvm/gems/ruby-2.3.0/gems/web-console-2.3.0/lib/web_console/templates/error_page.js.erb within layouts/javascript (1.0ms)
  Rendered /Users/bill/.rvm/gems/ruby-2.3.0/gems/web-console-2.3.0/lib/web_console/templates/index.html.erb (273.7ms)


Started GET "/creatures/9/edit" for ::1 at 2016-08-14 15:06:13 -0700

ActionController::RoutingError (No route matches [GET] "/creatures/9/edit"):
  actionpack (4.2.6) lib/action_dispatch/middleware/debug_exceptions.rb:21:in `call'
  web-console (2.3.0) lib/web_console/middleware.rb:28:in `block in call'
  web-console (2.3.0) lib/web_console/middleware.rb:18:in `catch'
  web-console (2.3.0) lib/web_console/middleware.rb:18:in `call'
  actionpack (4.2.6) lib/action_dispatch/middleware/show_exceptions.rb:30:in `call'
  railties (4.2.6) lib/rails/rack/logger.rb:38:in `call_app'
  railties (4.2.6) lib/rails/rack/logger.rb:20:in `block in call'
  activesupport (4.2.6) lib/active_support/tagged_logging.rb:68:in `block in tagged'
  activesupport (4.2.6) lib/active_support/tagged_logging.rb:26:in `tagged'
  activesupport (4.2.6) lib/active_support/tagged_logging.rb:68:in `tagged'
  railties (4.2.6) lib/rails/rack/logger.rb:20:in `call'
  actionpack (4.2.6) lib/action_dispatch/middleware/request_id.rb:21:in `call'
  rack (1.6.4) lib/rack/methodoverride.rb:22:in `call'
  rack (1.6.4) lib/rack/runtime.rb:18:in `call'
  activesupport (4.2.6) lib/active_support/cache/strategy/local_cache_middleware.rb:28:in `call'
  rack (1.6.4) lib/rack/lock.rb:17:in `call'
  actionpack (4.2.6) lib/action_dispatch/middleware/static.rb:120:in `call'
  rack (1.6.4) lib/rack/sendfile.rb:113:in `call'
  railties (4.2.6) lib/rails/engine.rb:518:in `call'
  railties (4.2.6) lib/rails/application.rb:165:in `call'
  rack (1.6.4) lib/rack/lock.rb:17:in `call'
  rack (1.6.4) lib/rack/content_length.rb:15:in `call'
  rack (1.6.4) lib/rack/handler/webrick.rb:88:in `service'
  /Users/bill/.rvm/rubies/ruby-2.3.0/lib/ruby/2.3.0/webrick/httpserver.rb:140:in `service'
  /Users/bill/.rvm/rubies/ruby-2.3.0/lib/ruby/2.3.0/webrick/httpserver.rb:96:in `run'
  /Users/bill/.rvm/rubies/ruby-2.3.0/lib/ruby/2.3.0/webrick/server.rb:296:in `block in start_thread'


  Rendered /Users/bill/.rvm/gems/ruby-2.3.0/gems/actionpack-4.2.6/lib/action_dispatch/middleware/templates/rescues/_trace.html.erb (3.9ms)
  Rendered /Users/bill/.rvm/gems/ruby-2.3.0/gems/actionpack-4.2.6/lib/action_dispatch/middleware/templates/routes/_route.html.erb (1.8ms)
  Rendered /Users/bill/.rvm/gems/ruby-2.3.0/gems/actionpack-4.2.6/lib/action_dispatch/middleware/templates/routes/_table.html.erb (2.9ms)
  Rendered /Users/bill/.rvm/gems/ruby-2.3.0/gems/actionpack-4.2.6/lib/action_dispatch/middleware/templates/rescues/_request_and_response.html.erb (2.0ms)
  Rendered /Users/bill/.rvm/gems/ruby-2.3.0/gems/actionpack-4.2.6/lib/action_dispatch/middleware/templates/rescues/routing_error.html.erb within rescues/layout (156.9ms)
  Rendered /Users/bill/.rvm/gems/ruby-2.3.0/gems/web-console-2.3.0/lib/web_console/templates/_markup.html.erb (0.7ms)
  Rendered /Users/bill/.rvm/gems/ruby-2.3.0/gems/web-console-2.3.0/lib/web_console/templates/_inner_console_markup.html.erb within layouts/inlined_string (0.9ms)
  Rendered /Users/bill/.rvm/gems/ruby-2.3.0/gems/web-console-2.3.0/lib/web_console/templates/_prompt_box_markup.html.erb within layouts/inlined_string (0.8ms)
  Rendered /Users/bill/.rvm/gems/ruby-2.3.0/gems/web-console-2.3.0/lib/web_console/templates/style.css.erb within layouts/inlined_string (0.6ms)
  Rendered /Users/bill/.rvm/gems/ruby-2.3.0/gems/web-console-2.3.0/lib/web_console/templates/console.js.erb within layouts/javascript (104.2ms)
  Rendered /Users/bill/.rvm/gems/ruby-2.3.0/gems/web-console-2.3.0/lib/web_console/templates/main.js.erb within layouts/javascript (1.1ms)
  Rendered /Users/bill/.rvm/gems/ruby-2.3.0/gems/web-console-2.3.0/lib/web_console/templates/error_page.js.erb within layouts/javascript (0.8ms)
  Rendered /Users/bill/.rvm/gems/ruby-2.3.0/gems/web-console-2.3.0/lib/web_console/templates/index.html.erb (229.1ms)


Started GET "/creatures/9/edit" for ::1 at 2016-08-14 15:06:36 -0700

ActionController::RoutingError (uninitialized constant CreatuersController):
  activesupport (4.2.6) lib/active_support/inflector/methods.rb:261:in `const_get'
  activesupport (4.2.6) lib/active_support/inflector/methods.rb:261:in `block in constantize'
  activesupport (4.2.6) lib/active_support/inflector/methods.rb:259:in `each'
  activesupport (4.2.6) lib/active_support/inflector/methods.rb:259:in `inject'
  activesupport (4.2.6) lib/active_support/inflector/methods.rb:259:in `constantize'
  actionpack (4.2.6) lib/action_dispatch/routing/route_set.rb:70:in `controller_reference'
  actionpack (4.2.6) lib/action_dispatch/routing/route_set.rb:60:in `controller'
  actionpack (4.2.6) lib/action_dispatch/routing/route_set.rb:39:in `serve'
  actionpack (4.2.6) lib/action_dispatch/journey/router.rb:43:in `block in serve'
  actionpack (4.2.6) lib/action_dispatch/journey/router.rb:30:in `each'
  actionpack (4.2.6) lib/action_dispatch/journey/router.rb:30:in `serve'
  actionpack (4.2.6) lib/action_dispatch/routing/route_set.rb:817:in `call'
  rack (1.6.4) lib/rack/etag.rb:24:in `call'
  rack (1.6.4) lib/rack/conditionalget.rb:25:in `call'
  rack (1.6.4) lib/rack/head.rb:13:in `call'
  actionpack (4.2.6) lib/action_dispatch/middleware/params_parser.rb:27:in `call'
  actionpack (4.2.6) lib/action_dispatch/middleware/flash.rb:260:in `call'
  rack (1.6.4) lib/rack/session/abstract/id.rb:225:in `context'
  rack (1.6.4) lib/rack/session/abstract/id.rb:220:in `call'
  actionpack (4.2.6) lib/action_dispatch/middleware/cookies.rb:560:in `call'
  activerecord (4.2.6) lib/active_record/query_cache.rb:36:in `call'
  activerecord (4.2.6) lib/active_record/connection_adapters/abstract/connection_pool.rb:653:in `call'
  activerecord (4.2.6) lib/active_record/migration.rb:377:in `call'
  actionpack (4.2.6) lib/action_dispatch/middleware/callbacks.rb:29:in `block in call'
  activesupport (4.2.6) lib/active_support/callbacks.rb:88:in `__run_callbacks__'
  activesupport (4.2.6) lib/active_support/callbacks.rb:778:in `_run_call_callbacks'
  activesupport (4.2.6) lib/active_support/callbacks.rb:81:in `run_callbacks'
  actionpack (4.2.6) lib/action_dispatch/middleware/callbacks.rb:27:in `call'
  actionpack (4.2.6) lib/action_dispatch/middleware/reloader.rb:73:in `call'
  actionpack (4.2.6) lib/action_dispatch/middleware/remote_ip.rb:78:in `call'
  actionpack (4.2.6) lib/action_dispatch/middleware/debug_exceptions.rb:17:in `call'
  web-console (2.3.0) lib/web_console/middleware.rb:28:in `block in call'
  web-console (2.3.0) lib/web_console/middleware.rb:18:in `catch'
  web-console (2.3.0) lib/web_console/middleware.rb:18:in `call'
  actionpack (4.2.6) lib/action_dispatch/middleware/show_exceptions.rb:30:in `call'
  railties (4.2.6) lib/rails/rack/logger.rb:38:in `call_app'
  railties (4.2.6) lib/rails/rack/logger.rb:20:in `block in call'
  activesupport (4.2.6) lib/active_support/tagged_logging.rb:68:in `block in tagged'
  activesupport (4.2.6) lib/active_support/tagged_logging.rb:26:in `tagged'
  activesupport (4.2.6) lib/active_support/tagged_logging.rb:68:in `tagged'
  railties (4.2.6) lib/rails/rack/logger.rb:20:in `call'
  actionpack (4.2.6) lib/action_dispatch/middleware/request_id.rb:21:in `call'
  rack (1.6.4) lib/rack/methodoverride.rb:22:in `call'
  rack (1.6.4) lib/rack/runtime.rb:18:in `call'
  activesupport (4.2.6) lib/active_support/cache/strategy/local_cache_middleware.rb:28:in `call'
  rack (1.6.4) lib/rack/lock.rb:17:in `call'
  actionpack (4.2.6) lib/action_dispatch/middleware/static.rb:120:in `call'
  rack (1.6.4) lib/rack/sendfile.rb:113:in `call'
  railties (4.2.6) lib/rails/engine.rb:518:in `call'
  railties (4.2.6) lib/rails/application.rb:165:in `call'
  rack (1.6.4) lib/rack/lock.rb:17:in `call'
  rack (1.6.4) lib/rack/content_length.rb:15:in `call'
  rack (1.6.4) lib/rack/handler/webrick.rb:88:in `service'
  /Users/bill/.rvm/rubies/ruby-2.3.0/lib/ruby/2.3.0/webrick/httpserver.rb:140:in `service'
  /Users/bill/.rvm/rubies/ruby-2.3.0/lib/ruby/2.3.0/webrick/httpserver.rb:96:in `run'
  /Users/bill/.rvm/rubies/ruby-2.3.0/lib/ruby/2.3.0/webrick/server.rb:296:in `block in start_thread'


  Rendered /Users/bill/.rvm/gems/ruby-2.3.0/gems/actionpack-4.2.6/lib/action_dispatch/middleware/templates/rescues/_trace.html.erb (4.7ms)
  Rendered /Users/bill/.rvm/gems/ruby-2.3.0/gems/actionpack-4.2.6/lib/action_dispatch/middleware/templates/routes/_route.html.erb (4.6ms)
  Rendered /Users/bill/.rvm/gems/ruby-2.3.0/gems/actionpack-4.2.6/lib/action_dispatch/middleware/templates/routes/_table.html.erb (2.5ms)
  Rendered /Users/bill/.rvm/gems/ruby-2.3.0/gems/actionpack-4.2.6/lib/action_dispatch/middleware/templates/rescues/_request_and_response.html.erb (2.4ms)
  Rendered /Users/bill/.rvm/gems/ruby-2.3.0/gems/actionpack-4.2.6/lib/action_dispatch/middleware/templates/rescues/routing_error.html.erb within rescues/layout (198.8ms)
  Rendered /Users/bill/.rvm/gems/ruby-2.3.0/gems/web-console-2.3.0/lib/web_console/templates/_markup.html.erb (0.8ms)
  Rendered /Users/bill/.rvm/gems/ruby-2.3.0/gems/web-console-2.3.0/lib/web_console/templates/_inner_console_markup.html.erb within layouts/inlined_string (0.5ms)
  Rendered /Users/bill/.rvm/gems/ruby-2.3.0/gems/web-console-2.3.0/lib/web_console/templates/_prompt_box_markup.html.erb within layouts/inlined_string (0.5ms)
  Rendered /Users/bill/.rvm/gems/ruby-2.3.0/gems/web-console-2.3.0/lib/web_console/templates/style.css.erb within layouts/inlined_string (0.7ms)
  Rendered /Users/bill/.rvm/gems/ruby-2.3.0/gems/web-console-2.3.0/lib/web_console/templates/console.js.erb within layouts/javascript (103.8ms)
  Rendered /Users/bill/.rvm/gems/ruby-2.3.0/gems/web-console-2.3.0/lib/web_console/templates/main.js.erb within layouts/javascript (0.6ms)
  Rendered /Users/bill/.rvm/gems/ruby-2.3.0/gems/web-console-2.3.0/lib/web_console/templates/error_page.js.erb within layouts/javascript (0.7ms)
  Rendered /Users/bill/.rvm/gems/ruby-2.3.0/gems/web-console-2.3.0/lib/web_console/templates/index.html.erb (236.6ms)


Started GET "/creatures/9/edit" for ::1 at 2016-08-14 15:06:48 -0700

ActionController::RoutingError (uninitialized constant CreatuersController):
  activesupport (4.2.6) lib/active_support/inflector/methods.rb:261:in `const_get'
  activesupport (4.2.6) lib/active_support/inflector/methods.rb:261:in `block in constantize'
  activesupport (4.2.6) lib/active_support/inflector/methods.rb:259:in `each'
  activesupport (4.2.6) lib/active_support/inflector/methods.rb:259:in `inject'
  activesupport (4.2.6) lib/active_support/inflector/methods.rb:259:in `constantize'
  actionpack (4.2.6) lib/action_dispatch/routing/route_set.rb:70:in `controller_reference'
  actionpack (4.2.6) lib/action_dispatch/routing/route_set.rb:60:in `controller'
  actionpack (4.2.6) lib/action_dispatch/routing/route_set.rb:39:in `serve'
  actionpack (4.2.6) lib/action_dispatch/journey/router.rb:43:in `block in serve'
  actionpack (4.2.6) lib/action_dispatch/journey/router.rb:30:in `each'
  actionpack (4.2.6) lib/action_dispatch/journey/router.rb:30:in `serve'
  actionpack (4.2.6) lib/action_dispatch/routing/route_set.rb:817:in `call'
  rack (1.6.4) lib/rack/etag.rb:24:in `call'
  rack (1.6.4) lib/rack/conditionalget.rb:25:in `call'
  rack (1.6.4) lib/rack/head.rb:13:in `call'
  actionpack (4.2.6) lib/action_dispatch/middleware/params_parser.rb:27:in `call'
  actionpack (4.2.6) lib/action_dispatch/middleware/flash.rb:260:in `call'
  rack (1.6.4) lib/rack/session/abstract/id.rb:225:in `context'
  rack (1.6.4) lib/rack/session/abstract/id.rb:220:in `call'
  actionpack (4.2.6) lib/action_dispatch/middleware/cookies.rb:560:in `call'
  activerecord (4.2.6) lib/active_record/query_cache.rb:36:in `call'
  activerecord (4.2.6) lib/active_record/connection_adapters/abstract/connection_pool.rb:653:in `call'
  activerecord (4.2.6) lib/active_record/migration.rb:377:in `call'
  actionpack (4.2.6) lib/action_dispatch/middleware/callbacks.rb:29:in `block in call'
  activesupport (4.2.6) lib/active_support/callbacks.rb:88:in `__run_callbacks__'
  activesupport (4.2.6) lib/active_support/callbacks.rb:778:in `_run_call_callbacks'
  activesupport (4.2.6) lib/active_support/callbacks.rb:81:in `run_callbacks'
  actionpack (4.2.6) lib/action_dispatch/middleware/callbacks.rb:27:in `call'
  actionpack (4.2.6) lib/action_dispatch/middleware/reloader.rb:73:in `call'
  actionpack (4.2.6) lib/action_dispatch/middleware/remote_ip.rb:78:in `call'
  actionpack (4.2.6) lib/action_dispatch/middleware/debug_exceptions.rb:17:in `call'
  web-console (2.3.0) lib/web_console/middleware.rb:28:in `block in call'
  web-console (2.3.0) lib/web_console/middleware.rb:18:in `catch'
  web-console (2.3.0) lib/web_console/middleware.rb:18:in `call'
  actionpack (4.2.6) lib/action_dispatch/middleware/show_exceptions.rb:30:in `call'
  railties (4.2.6) lib/rails/rack/logger.rb:38:in `call_app'
  railties (4.2.6) lib/rails/rack/logger.rb:20:in `block in call'
  activesupport (4.2.6) lib/active_support/tagged_logging.rb:68:in `block in tagged'
  activesupport (4.2.6) lib/active_support/tagged_logging.rb:26:in `tagged'
  activesupport (4.2.6) lib/active_support/tagged_logging.rb:68:in `tagged'
  railties (4.2.6) lib/rails/rack/logger.rb:20:in `call'
  actionpack (4.2.6) lib/action_dispatch/middleware/request_id.rb:21:in `call'
  rack (1.6.4) lib/rack/methodoverride.rb:22:in `call'
  rack (1.6.4) lib/rack/runtime.rb:18:in `call'
  activesupport (4.2.6) lib/active_support/cache/strategy/local_cache_middleware.rb:28:in `call'
  rack (1.6.4) lib/rack/lock.rb:17:in `call'
  actionpack (4.2.6) lib/action_dispatch/middleware/static.rb:120:in `call'
  rack (1.6.4) lib/rack/sendfile.rb:113:in `call'
  railties (4.2.6) lib/rails/engine.rb:518:in `call'
  railties (4.2.6) lib/rails/application.rb:165:in `call'
  rack (1.6.4) lib/rack/lock.rb:17:in `call'
  rack (1.6.4) lib/rack/content_length.rb:15:in `call'
  rack (1.6.4) lib/rack/handler/webrick.rb:88:in `service'
  /Users/bill/.rvm/rubies/ruby-2.3.0/lib/ruby/2.3.0/webrick/httpserver.rb:140:in `service'
  /Users/bill/.rvm/rubies/ruby-2.3.0/lib/ruby/2.3.0/webrick/httpserver.rb:96:in `run'
  /Users/bill/.rvm/rubies/ruby-2.3.0/lib/ruby/2.3.0/webrick/server.rb:296:in `block in start_thread'


  Rendered /Users/bill/.rvm/gems/ruby-2.3.0/gems/actionpack-4.2.6/lib/action_dispatch/middleware/templates/rescues/_trace.html.erb (3.2ms)
  Rendered /Users/bill/.rvm/gems/ruby-2.3.0/gems/actionpack-4.2.6/lib/action_dispatch/middleware/templates/routes/_route.html.erb (1.5ms)
  Rendered /Users/bill/.rvm/gems/ruby-2.3.0/gems/actionpack-4.2.6/lib/action_dispatch/middleware/templates/routes/_table.html.erb (2.2ms)
  Rendered /Users/bill/.rvm/gems/ruby-2.3.0/gems/actionpack-4.2.6/lib/action_dispatch/middleware/templates/rescues/_request_and_response.html.erb (2.0ms)
  Rendered /Users/bill/.rvm/gems/ruby-2.3.0/gems/actionpack-4.2.6/lib/action_dispatch/middleware/templates/rescues/routing_error.html.erb within rescues/layout (145.2ms)
  Rendered /Users/bill/.rvm/gems/ruby-2.3.0/gems/web-console-2.3.0/lib/web_console/templates/_markup.html.erb (0.7ms)
  Rendered /Users/bill/.rvm/gems/ruby-2.3.0/gems/web-console-2.3.0/lib/web_console/templates/_inner_console_markup.html.erb within layouts/inlined_string (0.7ms)
  Rendered /Users/bill/.rvm/gems/ruby-2.3.0/gems/web-console-2.3.0/lib/web_console/templates/_prompt_box_markup.html.erb within layouts/inlined_string (0.5ms)
  Rendered /Users/bill/.rvm/gems/ruby-2.3.0/gems/web-console-2.3.0/lib/web_console/templates/style.css.erb within layouts/inlined_string (0.6ms)
  Rendered /Users/bill/.rvm/gems/ruby-2.3.0/gems/web-console-2.3.0/lib/web_console/templates/console.js.erb within layouts/javascript (105.6ms)
  Rendered /Users/bill/.rvm/gems/ruby-2.3.0/gems/web-console-2.3.0/lib/web_console/templates/main.js.erb within layouts/javascript (0.6ms)
  Rendered /Users/bill/.rvm/gems/ruby-2.3.0/gems/web-console-2.3.0/lib/web_console/templates/error_page.js.erb within layouts/javascript (0.8ms)
  Rendered /Users/bill/.rvm/gems/ruby-2.3.0/gems/web-console-2.3.0/lib/web_console/templates/index.html.erb (230.7ms)


Started GET "/creatures/7/edit" for ::1 at 2016-08-14 15:06:53 -0700

ActionController::RoutingError (uninitialized constant CreatuersController):
  activesupport (4.2.6) lib/active_support/inflector/methods.rb:261:in `const_get'
  activesupport (4.2.6) lib/active_support/inflector/methods.rb:261:in `block in constantize'
  activesupport (4.2.6) lib/active_support/inflector/methods.rb:259:in `each'
  activesupport (4.2.6) lib/active_support/inflector/methods.rb:259:in `inject'
  activesupport (4.2.6) lib/active_support/inflector/methods.rb:259:in `constantize'
  actionpack (4.2.6) lib/action_dispatch/routing/route_set.rb:70:in `controller_reference'
  actionpack (4.2.6) lib/action_dispatch/routing/route_set.rb:60:in `controller'
  actionpack (4.2.6) lib/action_dispatch/routing/route_set.rb:39:in `serve'
  actionpack (4.2.6) lib/action_dispatch/journey/router.rb:43:in `block in serve'
  actionpack (4.2.6) lib/action_dispatch/journey/router.rb:30:in `each'
  actionpack (4.2.6) lib/action_dispatch/journey/router.rb:30:in `serve'
  actionpack (4.2.6) lib/action_dispatch/routing/route_set.rb:817:in `call'
  rack (1.6.4) lib/rack/etag.rb:24:in `call'
  rack (1.6.4) lib/rack/conditionalget.rb:25:in `call'
  rack (1.6.4) lib/rack/head.rb:13:in `call'
  actionpack (4.2.6) lib/action_dispatch/middleware/params_parser.rb:27:in `call'
  actionpack (4.2.6) lib/action_dispatch/middleware/flash.rb:260:in `call'
  rack (1.6.4) lib/rack/session/abstract/id.rb:225:in `context'
  rack (1.6.4) lib/rack/session/abstract/id.rb:220:in `call'
  actionpack (4.2.6) lib/action_dispatch/middleware/cookies.rb:560:in `call'
  activerecord (4.2.6) lib/active_record/query_cache.rb:36:in `call'
  activerecord (4.2.6) lib/active_record/connection_adapters/abstract/connection_pool.rb:653:in `call'
  activerecord (4.2.6) lib/active_record/migration.rb:377:in `call'
  actionpack (4.2.6) lib/action_dispatch/middleware/callbacks.rb:29:in `block in call'
  activesupport (4.2.6) lib/active_support/callbacks.rb:88:in `__run_callbacks__'
  activesupport (4.2.6) lib/active_support/callbacks.rb:778:in `_run_call_callbacks'
  activesupport (4.2.6) lib/active_support/callbacks.rb:81:in `run_callbacks'
  actionpack (4.2.6) lib/action_dispatch/middleware/callbacks.rb:27:in `call'
  actionpack (4.2.6) lib/action_dispatch/middleware/reloader.rb:73:in `call'
  actionpack (4.2.6) lib/action_dispatch/middleware/remote_ip.rb:78:in `call'
  actionpack (4.2.6) lib/action_dispatch/middleware/debug_exceptions.rb:17:in `call'
  web-console (2.3.0) lib/web_console/middleware.rb:28:in `block in call'
  web-console (2.3.0) lib/web_console/middleware.rb:18:in `catch'
  web-console (2.3.0) lib/web_console/middleware.rb:18:in `call'
  actionpack (4.2.6) lib/action_dispatch/middleware/show_exceptions.rb:30:in `call'
  railties (4.2.6) lib/rails/rack/logger.rb:38:in `call_app'
  railties (4.2.6) lib/rails/rack/logger.rb:20:in `block in call'
  activesupport (4.2.6) lib/active_support/tagged_logging.rb:68:in `block in tagged'
  activesupport (4.2.6) lib/active_support/tagged_logging.rb:26:in `tagged'
  activesupport (4.2.6) lib/active_support/tagged_logging.rb:68:in `tagged'
  railties (4.2.6) lib/rails/rack/logger.rb:20:in `call'
  actionpack (4.2.6) lib/action_dispatch/middleware/request_id.rb:21:in `call'
  rack (1.6.4) lib/rack/methodoverride.rb:22:in `call'
  rack (1.6.4) lib/rack/runtime.rb:18:in `call'
  activesupport (4.2.6) lib/active_support/cache/strategy/local_cache_middleware.rb:28:in `call'
  rack (1.6.4) lib/rack/lock.rb:17:in `call'
  actionpack (4.2.6) lib/action_dispatch/middleware/static.rb:120:in `call'
  rack (1.6.4) lib/rack/sendfile.rb:113:in `call'
  railties (4.2.6) lib/rails/engine.rb:518:in `call'
  railties (4.2.6) lib/rails/application.rb:165:in `call'
  rack (1.6.4) lib/rack/lock.rb:17:in `call'
  rack (1.6.4) lib/rack/content_length.rb:15:in `call'
  rack (1.6.4) lib/rack/handler/webrick.rb:88:in `service'
  /Users/bill/.rvm/rubies/ruby-2.3.0/lib/ruby/2.3.0/webrick/httpserver.rb:140:in `service'
  /Users/bill/.rvm/rubies/ruby-2.3.0/lib/ruby/2.3.0/webrick/httpserver.rb:96:in `run'
  /Users/bill/.rvm/rubies/ruby-2.3.0/lib/ruby/2.3.0/webrick/server.rb:296:in `block in start_thread'


  Rendered /Users/bill/.rvm/gems/ruby-2.3.0/gems/actionpack-4.2.6/lib/action_dispatch/middleware/templates/rescues/_trace.html.erb (3.9ms)
  Rendered /Users/bill/.rvm/gems/ruby-2.3.0/gems/actionpack-4.2.6/lib/action_dispatch/middleware/templates/routes/_route.html.erb (1.5ms)
  Rendered /Users/bill/.rvm/gems/ruby-2.3.0/gems/actionpack-4.2.6/lib/action_dispatch/middleware/templates/routes/_table.html.erb (2.4ms)
  Rendered /Users/bill/.rvm/gems/ruby-2.3.0/gems/actionpack-4.2.6/lib/action_dispatch/middleware/templates/rescues/_request_and_response.html.erb (2.5ms)
  Rendered /Users/bill/.rvm/gems/ruby-2.3.0/gems/actionpack-4.2.6/lib/action_dispatch/middleware/templates/rescues/routing_error.html.erb within rescues/layout (152.7ms)
  Rendered /Users/bill/.rvm/gems/ruby-2.3.0/gems/web-console-2.3.0/lib/web_console/templates/_markup.html.erb (0.8ms)
  Rendered /Users/bill/.rvm/gems/ruby-2.3.0/gems/web-console-2.3.0/lib/web_console/templates/_inner_console_markup.html.erb within layouts/inlined_string (0.7ms)
  Rendered /Users/bill/.rvm/gems/ruby-2.3.0/gems/web-console-2.3.0/lib/web_console/templates/_prompt_box_markup.html.erb within layouts/inlined_string (1.0ms)
  Rendered /Users/bill/.rvm/gems/ruby-2.3.0/gems/web-console-2.3.0/lib/web_console/templates/style.css.erb within layouts/inlined_string (0.6ms)
  Rendered /Users/bill/.rvm/gems/ruby-2.3.0/gems/web-console-2.3.0/lib/web_console/templates/console.js.erb within layouts/javascript (101.6ms)
  Rendered /Users/bill/.rvm/gems/ruby-2.3.0/gems/web-console-2.3.0/lib/web_console/templates/main.js.erb within layouts/javascript (0.5ms)
  Rendered /Users/bill/.rvm/gems/ruby-2.3.0/gems/web-console-2.3.0/lib/web_console/templates/error_page.js.erb within layouts/javascript (0.7ms)
  Rendered /Users/bill/.rvm/gems/ruby-2.3.0/gems/web-console-2.3.0/lib/web_console/templates/index.html.erb (226.6ms)


Started GET "/creatures/7/edit" for ::1 at 2016-08-14 15:07:05 -0700
Processing by CreaturesController#edit as HTML
  Parameters: {"id"=>"7"}
  [1m[36mCreature Load (0.6ms)[0m  [1mSELECT  "creatures".* FROM "creatures" WHERE "creatures"."id" = $1 LIMIT 1[0m  [["id", 7]]
  Rendered creatures/edit.html.erb within layouts/application (3.7ms)
Completed 200 OK in 126ms (Views: 96.3ms | ActiveRecord: 6.5ms)


Started GET "/assets/creatures.self-e3b0c44298fc1c149afbf4c8996fb92427ae41e4649b934ca495991b7852b855.css?body=1" for ::1 at 2016-08-14 15:07:06 -0700


Started GET "/assets/application.self-d885a0a66bd595c10edb24f8879f94e334d88be0730c4d7c7a7b57c731c09037.css?body=1" for ::1 at 2016-08-14 15:07:06 -0700


Started GET "/assets/jquery.self-660adc51e0224b731d29f575a6f1ec167ba08ad06ed5deca4f1e8654c135bf4c.js?body=1" for ::1 at 2016-08-14 15:07:06 -0700


Started GET "/assets/bootstrap-3.3.6.min.self-66fe84b79c6d5db31355296a8c9627d232721fe3ac3c31f3554ccc7e999279b6.css?body=1" for ::1 at 2016-08-14 15:07:06 -0700


Started GET "/assets/jquery_ujs.self-e87806d0cf4489aeb1bb7288016024e8de67fd18db693fe026fe3907581e53cd.js?body=1" for ::1 at 2016-08-14 15:07:06 -0700


Started GET "/assets/creatures.self-877aef30ae1b040ab8a3aba4e3e309a11d7f2612f44dde450b5c157aa5f95c05.js?body=1" for ::1 at 2016-08-14 15:07:06 -0700


Started GET "/assets/turbolinks.self-c5acd7a204f5f25ce7a1d8a0e4d92e28d34c9e2df2c7371cd7af88e147e4ad82.js?body=1" for ::1 at 2016-08-14 15:07:06 -0700


Started GET "/assets/application.self-3b8dabdc891efe46b9a144b400ad69e37d7e5876bdc39dee783419a69d7ca819.js?body=1" for ::1 at 2016-08-14 15:07:06 -0700


Started PATCH "/creatures/7" for ::1 at 2016-08-14 15:07:13 -0700

ActionController::RoutingError (No route matches [PATCH] "/creatures/7"):
  actionpack (4.2.6) lib/action_dispatch/middleware/debug_exceptions.rb:21:in `call'
  web-console (2.3.0) lib/web_console/middleware.rb:28:in `block in call'
  web-console (2.3.0) lib/web_console/middleware.rb:18:in `catch'
  web-console (2.3.0) lib/web_console/middleware.rb:18:in `call'
  actionpack (4.2.6) lib/action_dispatch/middleware/show_exceptions.rb:30:in `call'
  railties (4.2.6) lib/rails/rack/logger.rb:38:in `call_app'
  railties (4.2.6) lib/rails/rack/logger.rb:20:in `block in call'
  activesupport (4.2.6) lib/active_support/tagged_logging.rb:68:in `block in tagged'
  activesupport (4.2.6) lib/active_support/tagged_logging.rb:26:in `tagged'
  activesupport (4.2.6) lib/active_support/tagged_logging.rb:68:in `tagged'
  railties (4.2.6) lib/rails/rack/logger.rb:20:in `call'
  actionpack (4.2.6) lib/action_dispatch/middleware/request_id.rb:21:in `call'
  rack (1.6.4) lib/rack/methodoverride.rb:22:in `call'
  rack (1.6.4) lib/rack/runtime.rb:18:in `call'
  activesupport (4.2.6) lib/active_support/cache/strategy/local_cache_middleware.rb:28:in `call'
  rack (1.6.4) lib/rack/lock.rb:17:in `call'
  actionpack (4.2.6) lib/action_dispatch/middleware/static.rb:120:in `call'
  rack (1.6.4) lib/rack/sendfile.rb:113:in `call'
  railties (4.2.6) lib/rails/engine.rb:518:in `call'
  railties (4.2.6) lib/rails/application.rb:165:in `call'
  rack (1.6.4) lib/rack/lock.rb:17:in `call'
  rack (1.6.4) lib/rack/content_length.rb:15:in `call'
  rack (1.6.4) lib/rack/handler/webrick.rb:88:in `service'
  /Users/bill/.rvm/rubies/ruby-2.3.0/lib/ruby/2.3.0/webrick/httpserver.rb:140:in `service'
  /Users/bill/.rvm/rubies/ruby-2.3.0/lib/ruby/2.3.0/webrick/httpserver.rb:96:in `run'
  /Users/bill/.rvm/rubies/ruby-2.3.0/lib/ruby/2.3.0/webrick/server.rb:296:in `block in start_thread'


  Rendered /Users/bill/.rvm/gems/ruby-2.3.0/gems/actionpack-4.2.6/lib/action_dispatch/middleware/templates/rescues/_trace.html.erb (2.8ms)
  Rendered /Users/bill/.rvm/gems/ruby-2.3.0/gems/actionpack-4.2.6/lib/action_dispatch/middleware/templates/routes/_route.html.erb (1.5ms)
  Rendered /Users/bill/.rvm/gems/ruby-2.3.0/gems/actionpack-4.2.6/lib/action_dispatch/middleware/templates/routes/_table.html.erb (2.5ms)
  Rendered /Users/bill/.rvm/gems/ruby-2.3.0/gems/actionpack-4.2.6/lib/action_dispatch/middleware/templates/rescues/_request_and_response.html.erb (2.1ms)
  Rendered /Users/bill/.rvm/gems/ruby-2.3.0/gems/actionpack-4.2.6/lib/action_dispatch/middleware/templates/rescues/routing_error.html.erb within rescues/layout (146.3ms)
  Rendered /Users/bill/.rvm/gems/ruby-2.3.0/gems/web-console-2.3.0/lib/web_console/templates/_markup.html.erb (0.7ms)
  Rendered /Users/bill/.rvm/gems/ruby-2.3.0/gems/web-console-2.3.0/lib/web_console/templates/_inner_console_markup.html.erb within layouts/inlined_string (0.6ms)
  Rendered /Users/bill/.rvm/gems/ruby-2.3.0/gems/web-console-2.3.0/lib/web_console/templates/_prompt_box_markup.html.erb within layouts/inlined_string (0.6ms)
  Rendered /Users/bill/.rvm/gems/ruby-2.3.0/gems/web-console-2.3.0/lib/web_console/templates/style.css.erb within layouts/inlined_string (0.6ms)
  Rendered /Users/bill/.rvm/gems/ruby-2.3.0/gems/web-console-2.3.0/lib/web_console/templates/console.js.erb within layouts/javascript (98.6ms)
  Rendered /Users/bill/.rvm/gems/ruby-2.3.0/gems/web-console-2.3.0/lib/web_console/templates/main.js.erb within layouts/javascript (0.5ms)
  Rendered /Users/bill/.rvm/gems/ruby-2.3.0/gems/web-console-2.3.0/lib/web_console/templates/error_page.js.erb within layouts/javascript (0.8ms)
  Rendered /Users/bill/.rvm/gems/ruby-2.3.0/gems/web-console-2.3.0/lib/web_console/templates/index.html.erb (218.2ms)


Started GET "/creatures/7/edit" for ::1 at 2016-08-14 15:19:44 -0700
Processing by CreaturesController#edit as HTML
  Parameters: {"id"=>"7"}
  [1m[35mCreature Load (0.4ms)[0m  SELECT  "creatures".* FROM "creatures" WHERE "creatures"."id" = $1 LIMIT 1  [["id", 7]]
  Rendered creatures/edit.html.erb within layouts/application (2.9ms)
Completed 200 OK in 74ms (Views: 52.7ms | ActiveRecord: 3.4ms)


Started PATCH "/creatures/7" for ::1 at 2016-08-14 15:19:46 -0700

AbstractController::ActionNotFound (The action 'patch' could not be found for CreaturesController):
  actionpack (4.2.6) lib/abstract_controller/base.rb:132:in `process'
  actionview (4.2.6) lib/action_view/rendering.rb:30:in `process'
  actionpack (4.2.6) lib/action_controller/metal.rb:196:in `dispatch'
  actionpack (4.2.6) lib/action_controller/metal/rack_delegation.rb:13:in `dispatch'
  actionpack (4.2.6) lib/action_controller/metal.rb:237:in `block in action'
  actionpack (4.2.6) lib/action_dispatch/routing/route_set.rb:74:in `dispatch'
  actionpack (4.2.6) lib/action_dispatch/routing/route_set.rb:43:in `serve'
  actionpack (4.2.6) lib/action_dispatch/journey/router.rb:43:in `block in serve'
  actionpack (4.2.6) lib/action_dispatch/journey/router.rb:30:in `each'
  actionpack (4.2.6) lib/action_dispatch/journey/router.rb:30:in `serve'
  actionpack (4.2.6) lib/action_dispatch/routing/route_set.rb:817:in `call'
  rack (1.6.4) lib/rack/etag.rb:24:in `call'
  rack (1.6.4) lib/rack/conditionalget.rb:38:in `call'
  rack (1.6.4) lib/rack/head.rb:13:in `call'
  actionpack (4.2.6) lib/action_dispatch/middleware/params_parser.rb:27:in `call'
  actionpack (4.2.6) lib/action_dispatch/middleware/flash.rb:260:in `call'
  rack (1.6.4) lib/rack/session/abstract/id.rb:225:in `context'
  rack (1.6.4) lib/rack/session/abstract/id.rb:220:in `call'
  actionpack (4.2.6) lib/action_dispatch/middleware/cookies.rb:560:in `call'
  activerecord (4.2.6) lib/active_record/query_cache.rb:36:in `call'
  activerecord (4.2.6) lib/active_record/connection_adapters/abstract/connection_pool.rb:653:in `call'
  activerecord (4.2.6) lib/active_record/migration.rb:377:in `call'
  actionpack (4.2.6) lib/action_dispatch/middleware/callbacks.rb:29:in `block in call'
  activesupport (4.2.6) lib/active_support/callbacks.rb:88:in `__run_callbacks__'
  activesupport (4.2.6) lib/active_support/callbacks.rb:778:in `_run_call_callbacks'
  activesupport (4.2.6) lib/active_support/callbacks.rb:81:in `run_callbacks'
  actionpack (4.2.6) lib/action_dispatch/middleware/callbacks.rb:27:in `call'
  actionpack (4.2.6) lib/action_dispatch/middleware/reloader.rb:73:in `call'
  actionpack (4.2.6) lib/action_dispatch/middleware/remote_ip.rb:78:in `call'
  actionpack (4.2.6) lib/action_dispatch/middleware/debug_exceptions.rb:17:in `call'
  web-console (2.3.0) lib/web_console/middleware.rb:28:in `block in call'
  web-console (2.3.0) lib/web_console/middleware.rb:18:in `catch'
  web-console (2.3.0) lib/web_console/middleware.rb:18:in `call'
  actionpack (4.2.6) lib/action_dispatch/middleware/show_exceptions.rb:30:in `call'
  railties (4.2.6) lib/rails/rack/logger.rb:38:in `call_app'
  railties (4.2.6) lib/rails/rack/logger.rb:20:in `block in call'
  activesupport (4.2.6) lib/active_support/tagged_logging.rb:68:in `block in tagged'
  activesupport (4.2.6) lib/active_support/tagged_logging.rb:26:in `tagged'
  activesupport (4.2.6) lib/active_support/tagged_logging.rb:68:in `tagged'
  railties (4.2.6) lib/rails/rack/logger.rb:20:in `call'
  actionpack (4.2.6) lib/action_dispatch/middleware/request_id.rb:21:in `call'
  rack (1.6.4) lib/rack/methodoverride.rb:22:in `call'
  rack (1.6.4) lib/rack/runtime.rb:18:in `call'
  activesupport (4.2.6) lib/active_support/cache/strategy/local_cache_middleware.rb:28:in `call'
  rack (1.6.4) lib/rack/lock.rb:17:in `call'
  actionpack (4.2.6) lib/action_dispatch/middleware/static.rb:120:in `call'
  rack (1.6.4) lib/rack/sendfile.rb:113:in `call'
  railties (4.2.6) lib/rails/engine.rb:518:in `call'
  railties (4.2.6) lib/rails/application.rb:165:in `call'
  rack (1.6.4) lib/rack/lock.rb:17:in `call'
  rack (1.6.4) lib/rack/content_length.rb:15:in `call'
  rack (1.6.4) lib/rack/handler/webrick.rb:88:in `service'
  /Users/bill/.rvm/rubies/ruby-2.3.0/lib/ruby/2.3.0/webrick/httpserver.rb:140:in `service'
  /Users/bill/.rvm/rubies/ruby-2.3.0/lib/ruby/2.3.0/webrick/httpserver.rb:96:in `run'
  /Users/bill/.rvm/rubies/ruby-2.3.0/lib/ruby/2.3.0/webrick/server.rb:296:in `block in start_thread'


  Rendered /Users/bill/.rvm/gems/ruby-2.3.0/gems/actionpack-4.2.6/lib/action_dispatch/middleware/templates/rescues/unknown_action.html.erb within rescues/layout (1.0ms)
  Rendered /Users/bill/.rvm/gems/ruby-2.3.0/gems/web-console-2.3.0/lib/web_console/templates/_markup.html.erb (1.2ms)
  Rendered /Users/bill/.rvm/gems/ruby-2.3.0/gems/web-console-2.3.0/lib/web_console/templates/_inner_console_markup.html.erb within layouts/inlined_string (0.6ms)
  Rendered /Users/bill/.rvm/gems/ruby-2.3.0/gems/web-console-2.3.0/lib/web_console/templates/_prompt_box_markup.html.erb within layouts/inlined_string (0.5ms)
  Rendered /Users/bill/.rvm/gems/ruby-2.3.0/gems/web-console-2.3.0/lib/web_console/templates/style.css.erb within layouts/inlined_string (0.6ms)
  Rendered /Users/bill/.rvm/gems/ruby-2.3.0/gems/web-console-2.3.0/lib/web_console/templates/console.js.erb within layouts/javascript (102.0ms)
  Rendered /Users/bill/.rvm/gems/ruby-2.3.0/gems/web-console-2.3.0/lib/web_console/templates/main.js.erb within layouts/javascript (0.7ms)
  Rendered /Users/bill/.rvm/gems/ruby-2.3.0/gems/web-console-2.3.0/lib/web_console/templates/error_page.js.erb within layouts/javascript (0.7ms)
  Rendered /Users/bill/.rvm/gems/ruby-2.3.0/gems/web-console-2.3.0/lib/web_console/templates/index.html.erb (246.8ms)


Started PATCH "/creatures/7" for ::1 at 2016-08-14 15:20:10 -0700
Processing by CreaturesController#update as HTML
  Parameters: {"utf8"=>"✓", "authenticity_token"=>"DQCD0TDDh2GNTaLzIiVWmGrRW+ujMMrB+aqzafzpQnUqxRqK8gvfZMSSiTWyfdvlptfL4FduYdRkiupW4q/OGg==", "creature"=>{"name"=>"Luke", "description"=>"Moisture farming is a tough racket111"}, "commit"=>"Edit Creature", "id"=>"7"}
  [1m[36mCreature Load (0.2ms)[0m  [1mSELECT  "creatures".* FROM "creatures" WHERE "creatures"."id" = $1 LIMIT 1[0m  [["id", 7]]
  [1m[35m (0.2ms)[0m  BEGIN
  [1m[36mSQL (0.7ms)[0m  [1mUPDATE "creatures" SET "description" = $1, "updated_at" = $2 WHERE "creatures"."id" = $3[0m  [["description", "Moisture farming is a tough racket111"], ["updated_at", "2016-08-14 22:20:10.322900"], ["id", 7]]
  [1m[35m (2.2ms)[0m  COMMIT
Redirected to http://localhost:3000/creatures/7
Completed 302 Found in 22ms (ActiveRecord: 6.3ms)


Started GET "/creatures/7" for ::1 at 2016-08-14 15:20:10 -0700
Processing by CreaturesController#show as HTML
  Parameters: {"id"=>"7"}
  [1m[36mCreature Load (0.3ms)[0m  [1mSELECT  "creatures".* FROM "creatures" WHERE "creatures"."id" = $1 LIMIT 1[0m  [["id", 7]]
  Rendered creatures/show.html.erb within layouts/application (0.2ms)
Completed 200 OK in 37ms (Views: 35.7ms | ActiveRecord: 0.3ms)


Started GET "/assets/creatures.self-e3b0c44298fc1c149afbf4c8996fb92427ae41e4649b934ca495991b7852b855.css?body=1" for ::1 at 2016-08-14 15:20:10 -0700


Started GET "/assets/jquery.self-660adc51e0224b731d29f575a6f1ec167ba08ad06ed5deca4f1e8654c135bf4c.js?body=1" for ::1 at 2016-08-14 15:20:10 -0700


Started GET "/assets/application.self-d885a0a66bd595c10edb24f8879f94e334d88be0730c4d7c7a7b57c731c09037.css?body=1" for ::1 at 2016-08-14 15:20:10 -0700


Started GET "/assets/jquery_ujs.self-e87806d0cf4489aeb1bb7288016024e8de67fd18db693fe026fe3907581e53cd.js?body=1" for ::1 at 2016-08-14 15:20:10 -0700


Started GET "/assets/creatures.self-877aef30ae1b040ab8a3aba4e3e309a11d7f2612f44dde450b5c157aa5f95c05.js?body=1" for ::1 at 2016-08-14 15:20:10 -0700


Started GET "/assets/turbolinks.self-c5acd7a204f5f25ce7a1d8a0e4d92e28d34c9e2df2c7371cd7af88e147e4ad82.js?body=1" for ::1 at 2016-08-14 15:20:10 -0700


Started GET "/assets/application.self-3b8dabdc891efe46b9a144b400ad69e37d7e5876bdc39dee783419a69d7ca819.js?body=1" for ::1 at 2016-08-14 15:20:10 -0700


Started GET "/assets/bootstrap-3.3.6.min.self-66fe84b79c6d5db31355296a8c9627d232721fe3ac3c31f3554ccc7e999279b6.css?body=1" for ::1 at 2016-08-14 15:20:10 -0700


Started GET "/creatures/7/edit" for ::1 at 2016-08-14 15:20:17 -0700
Processing by CreaturesController#edit as HTML
  Parameters: {"id"=>"7"}
  [1m[35mCreature Load (0.8ms)[0m  SELECT  "creatures".* FROM "creatures" WHERE "creatures"."id" = $1 LIMIT 1  [["id", 7]]
  Rendered creatures/edit.html.erb within layouts/application (2.0ms)
Completed 200 OK in 32ms (Views: 29.7ms | ActiveRecord: 0.8ms)


Started PATCH "/creatures/7" for ::1 at 2016-08-14 15:20:20 -0700
Processing by CreaturesController#update as HTML
  Parameters: {"utf8"=>"✓", "authenticity_token"=>"naT4vTYLctBhUxWxde0MqdqdsmHK39dm1i9FjdQGHJm6YWHm9MMq1SiMPnfltYHUFpsiaj6BfHNLDxyyykCQ9g==", "creature"=>{"name"=>"Luke", "description"=>"Moisture farming is a tough racket111111"}, "commit"=>"Edit Creature", "id"=>"7"}
  [1m[36mCreature Load (2.2ms)[0m  [1mSELECT  "creatures".* FROM "creatures" WHERE "creatures"."id" = $1 LIMIT 1[0m  [["id", 7]]
  [1m[35m (0.2ms)[0m  BEGIN
  [1m[36mSQL (0.6ms)[0m  [1mUPDATE "creatures" SET "description" = $1, "updated_at" = $2 WHERE "creatures"."id" = $3[0m  [["description", "Moisture farming is a tough racket111111"], ["updated_at", "2016-08-14 22:20:20.652500"], ["id", 7]]
  [1m[35m (0.4ms)[0m  COMMIT
Redirected to http://localhost:3000/creatures/7
Completed 302 Found in 9ms (ActiveRecord: 3.4ms)


Started GET "/creatures/7" for ::1 at 2016-08-14 15:20:20 -0700
Processing by CreaturesController#show as HTML
  Parameters: {"id"=>"7"}
  [1m[36mCreature Load (0.3ms)[0m  [1mSELECT  "creatures".* FROM "creatures" WHERE "creatures"."id" = $1 LIMIT 1[0m  [["id", 7]]
  Rendered creatures/show.html.erb within layouts/application (0.2ms)
Completed 200 OK in 31ms (Views: 29.3ms | ActiveRecord: 0.3ms)


Started GET "/creatures/7" for ::1 at 2016-08-14 15:24:16 -0700
Processing by CreaturesController#show as HTML
  Parameters: {"id"=>"7"}
  [1m[35mCreature Load (0.2ms)[0m  SELECT  "creatures".* FROM "creatures" WHERE "creatures"."id" = $1 LIMIT 1  [["id", 7]]
  Rendered creatures/show.html.erb within layouts/application (2.1ms)
Completed 200 OK in 49ms (Views: 37.4ms | ActiveRecord: 2.6ms)


Started GET "/assets/creatures.self-e3b0c44298fc1c149afbf4c8996fb92427ae41e4649b934ca495991b7852b855.css?body=1" for ::1 at 2016-08-14 15:24:16 -0700


Started GET "/assets/application.self-d885a0a66bd595c10edb24f8879f94e334d88be0730c4d7c7a7b57c731c09037.css?body=1" for ::1 at 2016-08-14 15:24:16 -0700


Started GET "/assets/jquery.self-660adc51e0224b731d29f575a6f1ec167ba08ad06ed5deca4f1e8654c135bf4c.js?body=1" for ::1 at 2016-08-14 15:24:16 -0700


Started GET "/assets/bootstrap-3.3.6.min.self-66fe84b79c6d5db31355296a8c9627d232721fe3ac3c31f3554ccc7e999279b6.css?body=1" for ::1 at 2016-08-14 15:24:16 -0700


Started GET "/assets/jquery_ujs.self-e87806d0cf4489aeb1bb7288016024e8de67fd18db693fe026fe3907581e53cd.js?body=1" for ::1 at 2016-08-14 15:24:16 -0700


Started GET "/assets/creatures.self-877aef30ae1b040ab8a3aba4e3e309a11d7f2612f44dde450b5c157aa5f95c05.js?body=1" for ::1 at 2016-08-14 15:24:16 -0700


Started GET "/assets/turbolinks.self-c5acd7a204f5f25ce7a1d8a0e4d92e28d34c9e2df2c7371cd7af88e147e4ad82.js?body=1" for ::1 at 2016-08-14 15:24:16 -0700


Started GET "/assets/application.self-3b8dabdc891efe46b9a144b400ad69e37d7e5876bdc39dee783419a69d7ca819.js?body=1" for ::1 at 2016-08-14 15:24:16 -0700


Started DELETE "/creatures/7" for ::1 at 2016-08-14 15:24:17 -0700
Processing by CreaturesController#destroy as HTML
  Parameters: {"authenticity_token"=>"qcDXSbiLo9udPkAB2ZP+XFOELpFDJWX3MFu5KmQ/tSCOBU4SekP73tTha8dJy3Mhn4K+mrd7zuKte+AVenk5Tw==", "id"=>"7"}
  [1m[36mCreature Load (0.9ms)[0m  [1mSELECT  "creatures".* FROM "creatures" WHERE "creatures"."id" = $1 LIMIT 1[0m  [["id", 7]]
  [1m[35m (0.7ms)[0m  BEGIN
  [1m[36mSQL (0.3ms)[0m  [1mDELETE FROM "creatures" WHERE "creatures"."id" = $1[0m  [["id", 7]]
  [1m[35m (0.4ms)[0m  COMMIT
Redirected to http://localhost:3000/creatures
Completed 302 Found in 7ms (ActiveRecord: 2.4ms)


Started GET "/creatures" for ::1 at 2016-08-14 15:24:17 -0700
Processing by CreaturesController#index as HTML
  [1m[36mCreature Load (0.5ms)[0m  [1mSELECT "creatures".* FROM "creatures"[0m
  Rendered creatures/index.html.erb within layouts/application (1.8ms)
Completed 200 OK in 36ms (Views: 35.1ms | ActiveRecord: 0.5ms)


Started GET "/creatures/8" for ::1 at 2016-08-14 15:24:25 -0700
Processing by CreaturesController#show as HTML
  Parameters: {"id"=>"8"}
  [1m[35mCreature Load (0.7ms)[0m  SELECT  "creatures".* FROM "creatures" WHERE "creatures"."id" = $1 LIMIT 1  [["id", 8]]
  Rendered creatures/show.html.erb within layouts/application (0.9ms)
Completed 200 OK in 39ms (Views: 36.5ms | ActiveRecord: 0.7ms)


Started DELETE "/creatures/8" for ::1 at 2016-08-14 15:24:27 -0700
Processing by CreaturesController#destroy as HTML
  Parameters: {"authenticity_token"=>"OoblHYnbsWoSQxpXWdBjM+SF5d37mpkeeq45qKTC93YdQ3xGSxPpb1ucMZHJiO5OKIN11g/EMgvnjmCXuoR7GQ==", "id"=>"8"}
  [1m[36mCreature Load (0.8ms)[0m  [1mSELECT  "creatures".* FROM "creatures" WHERE "creatures"."id" = $1 LIMIT 1[0m  [["id", 8]]
  [1m[35m (0.7ms)[0m  BEGIN
  [1m[36mSQL (0.5ms)[0m  [1mDELETE FROM "creatures" WHERE "creatures"."id" = $1[0m  [["id", 8]]
  [1m[35m (0.4ms)[0m  COMMIT
Redirected to http://localhost:3000/creatures
Completed 302 Found in 7ms (ActiveRecord: 2.5ms)


Started GET "/creatures" for ::1 at 2016-08-14 15:24:27 -0700
Processing by CreaturesController#index as HTML
  [1m[36mCreature Load (0.4ms)[0m  [1mSELECT "creatures".* FROM "creatures"[0m
  Rendered creatures/index.html.erb within layouts/application (1.3ms)
Completed 200 OK in 33ms (Views: 32.0ms | ActiveRecord: 0.4ms)
